<?xml version="1.0" encoding="utf-8"?>
<CoverageSession>
  <Summary numSequencePoints="387" visitedSequencePoints="221" numBranchPoints="264" visitedBranchPoints="127" sequenceCoverage="57.1" branchCoverage="48.1" maxCyclomaticComplexity="322" minCyclomaticComplexity="322" visitedClasses="11" numClasses="15" visitedMethods="62" numMethods="102" />
  <Modules>
    <Module hash="F568F272-5A63-4230-895D-A20474AF43AF">
      <ModulePath>Open.Range.dll</ModulePath>
      <ModuleTime>2021-10-25T04:30:34</ModuleTime>
      <ModuleName>Open.Range</ModuleName>
      <Files>
        <File uid="1" fullPath="C:\Users\essence\Development\Open\Open.Range\Open.Range\Boundary.cs" />
        <File uid="2" fullPath="C:\Users\essence\Development\Open\Open.Range\Open.Range\BoundaryExtensions.cs" />
        <File uid="3" fullPath="C:\Users\essence\Development\Open\Open.Range\Open.Range\Range.cs" />
        <File uid="4" fullPath="C:\Users\essence\Development\Open\Open.Range\Open.Range\RangeExtensions.Expand.cs" />
        <File uid="5" fullPath="C:\Users\essence\Development\Open\Open.Range\Open.Range\RangeExtensions.IsValid.cs" />
        <File uid="6" fullPath="C:\Users\essence\Development\Open\Open.Range\Open.Range\RangeExtensions.IsWithin.cs" />
        <File uid="7" fullPath="C:\Users\essence\Development\Open\Open.Range\Open.Range\RangeExtensions._.cs" />
        <File uid="8" fullPath="C:\Users\essence\Development\Open\Open.Range\Open.Range\RangeTimeIndexed.cs" />
        <File uid="9" fullPath="C:\Users\essence\Development\Open\Open.Range\Open.Range\RangeTimeIndexedWithValue.cs" />
        <File uid="10" fullPath="C:\Users\essence\Development\Open\Open.Range\Open.Range\RangeWithValue.cs" />
        <File uid="11" fullPath="C:\Users\essence\Development\Open\Open.Range\Open.Range\Utility.cs" />
      </Files>
      <Classes>
        <Class>
          <Summary numSequencePoints="33" visitedSequencePoints="33" numBranchPoints="18" visitedBranchPoints="15" sequenceCoverage="100" branchCoverage="83.33" maxCyclomaticComplexity="4" minCyclomaticComplexity="1" visitedClasses="1" numClasses="1" visitedMethods="18" numMethods="18" />
          <FullName>Open.Boundary`1</FullName>
          <Methods>
            <Method cyclomaticComplexity="1" nPathComplexity="1" sequenceCoverage="100" branchCoverage="100" isConstructor="False" isGetter="True" isSetter="False" isStatic="True">
              <Summary numSequencePoints="1" visitedSequencePoints="1" numBranchPoints="0" visitedBranchPoints="0" sequenceCoverage="100" branchCoverage="100" maxCyclomaticComplexity="1" minCyclomaticComplexity="1" visitedClasses="0" numClasses="0" visitedMethods="1" numMethods="1" />
              <MetadataToken />
              <Name>T Open.Boundary`1::get_Value()</Name>
              <FileRef uid="1" />
              <SequencePoints>
                <SequencePoint vc="756" uspid="57" ordinal="0" sl="57" sc="1" el="57" ec="2" bec="0" bev="0" fileid="1" />
              </SequencePoints>
              <BranchPoints />
              <MethodPoint vc="1" uspid="0" p8:type="SequencePoint" ordinal="0" offset="0" sc="0" sl="57" ec="1" el="57" bec="0" bev="0" fileid="1" xmlns:p8="xsi" />
            </Method>
            <Method cyclomaticComplexity="1" nPathComplexity="1" sequenceCoverage="100" branchCoverage="100" isConstructor="False" isGetter="True" isSetter="False" isStatic="True">
              <Summary numSequencePoints="1" visitedSequencePoints="1" numBranchPoints="0" visitedBranchPoints="0" sequenceCoverage="100" branchCoverage="100" maxCyclomaticComplexity="1" minCyclomaticComplexity="1" visitedClasses="0" numClasses="0" visitedMethods="1" numMethods="1" />
              <MetadataToken />
              <Name>System.Boolean Open.Boundary`1::get_Inclusive()</Name>
              <FileRef uid="1" />
              <SequencePoints>
                <SequencePoint vc="279" uspid="62" ordinal="0" sl="62" sc="1" el="62" ec="2" bec="0" bev="0" fileid="1" />
              </SequencePoints>
              <BranchPoints />
              <MethodPoint vc="1" uspid="0" p8:type="SequencePoint" ordinal="1" offset="1" sc="0" sl="62" ec="1" el="62" bec="0" bev="0" fileid="1" xmlns:p8="xsi" />
            </Method>
            <Method cyclomaticComplexity="1" nPathComplexity="1" sequenceCoverage="100" branchCoverage="100" isConstructor="False" isGetter="False" isSetter="False" isStatic="True">
              <Summary numSequencePoints="4" visitedSequencePoints="4" numBranchPoints="0" visitedBranchPoints="0" sequenceCoverage="100" branchCoverage="100" maxCyclomaticComplexity="1" minCyclomaticComplexity="1" visitedClasses="0" numClasses="0" visitedMethods="1" numMethods="1" />
              <MetadataToken />
              <Name>System.Void Open.Boundary`1::Deconstruct(T&amp;,System.Boolean&amp;)</Name>
              <FileRef uid="1" />
              <SequencePoints>
                <SequencePoint vc="1" uspid="66" ordinal="0" sl="66" sc="1" el="66" ec="2" bec="0" bev="0" fileid="1" />
                <SequencePoint vc="1" uspid="67" ordinal="1" sl="67" sc="1" el="67" ec="2" bec="0" bev="0" fileid="1" />
                <SequencePoint vc="1" uspid="68" ordinal="2" sl="68" sc="1" el="68" ec="2" bec="0" bev="0" fileid="1" />
                <SequencePoint vc="1" uspid="69" ordinal="3" sl="69" sc="1" el="69" ec="2" bec="0" bev="0" fileid="1" />
              </SequencePoints>
              <BranchPoints />
              <MethodPoint vc="4" uspid="0" p8:type="SequencePoint" ordinal="2" offset="2" sc="0" sl="66" ec="1" el="69" bec="0" bev="0" fileid="1" xmlns:p8="xsi" />
            </Method>
            <Method cyclomaticComplexity="2" nPathComplexity="2" sequenceCoverage="100" branchCoverage="100" isConstructor="False" isGetter="False" isSetter="False" isStatic="True">
              <Summary numSequencePoints="2" visitedSequencePoints="2" numBranchPoints="2" visitedBranchPoints="2" sequenceCoverage="100" branchCoverage="100" maxCyclomaticComplexity="2" minCyclomaticComplexity="2" visitedClasses="0" numClasses="0" visitedMethods="1" numMethods="1" />
              <MetadataToken />
              <Name>System.Boolean Open.Boundary`1::Equals(Open.Boundary`1&lt;T&gt;)</Name>
              <FileRef uid="1" />
              <SequencePoints>
                <SequencePoint vc="62" uspid="73" ordinal="0" sl="73" sc="1" el="73" ec="2" bec="2" bev="2" fileid="1" />
                <SequencePoint vc="62" uspid="74" ordinal="1" sl="74" sc="1" el="74" ec="2" bec="0" bev="0" fileid="1" />
              </SequencePoints>
              <BranchPoints>
                <BranchPoint vc="54" uspid="73" ordinal="0" path="0" offset="13" offsetend="15" sl="73" fileid="1" />
                <BranchPoint vc="8" uspid="73" ordinal="1" path="1" offset="13" offsetend="40" sl="73" fileid="1" />
              </BranchPoints>
              <MethodPoint vc="2" uspid="0" p8:type="SequencePoint" ordinal="3" offset="3" sc="0" sl="73" ec="1" el="74" bec="0" bev="0" fileid="1" xmlns:p8="xsi" />
            </Method>
            <Method cyclomaticComplexity="2" nPathComplexity="2" sequenceCoverage="100" branchCoverage="50" isConstructor="False" isGetter="False" isSetter="False" isStatic="True">
              <Summary numSequencePoints="1" visitedSequencePoints="1" numBranchPoints="2" visitedBranchPoints="1" sequenceCoverage="100" branchCoverage="50" maxCyclomaticComplexity="2" minCyclomaticComplexity="2" visitedClasses="0" numClasses="0" visitedMethods="1" numMethods="1" />
              <MetadataToken />
              <Name>System.Boolean Open.Boundary`1::Equals(System.Object)</Name>
              <FileRef uid="1" />
              <SequencePoints>
                <SequencePoint vc="4" uspid="78" ordinal="0" sl="78" sc="1" el="78" ec="2" bec="2" bev="1" fileid="1" />
              </SequencePoints>
              <BranchPoints>
                <BranchPoint vc="4" uspid="78" ordinal="0" path="0" offset="6" offsetend="8" sl="78" fileid="1" />
                <BranchPoint vc="0" uspid="78" ordinal="1" path="1" offset="6" offsetend="24" sl="78" fileid="1" />
              </BranchPoints>
              <MethodPoint vc="1" uspid="0" p8:type="SequencePoint" ordinal="4" offset="4" sc="0" sl="78" ec="1" el="78" bec="0" bev="0" fileid="1" xmlns:p8="xsi" />
            </Method>
            <Method cyclomaticComplexity="1" nPathComplexity="1" sequenceCoverage="100" branchCoverage="100" isConstructor="False" isGetter="False" isSetter="False" isStatic="True">
              <Summary numSequencePoints="1" visitedSequencePoints="1" numBranchPoints="0" visitedBranchPoints="0" sequenceCoverage="100" branchCoverage="100" maxCyclomaticComplexity="1" minCyclomaticComplexity="1" visitedClasses="0" numClasses="0" visitedMethods="1" numMethods="1" />
              <MetadataToken />
              <Name>System.Int32 Open.Boundary`1::GetHashCode()</Name>
              <FileRef uid="1" />
              <SequencePoints>
                <SequencePoint vc="52" uspid="83" ordinal="0" sl="83" sc="1" el="83" ec="2" bec="0" bev="0" fileid="1" />
              </SequencePoints>
              <BranchPoints />
              <MethodPoint vc="1" uspid="0" p8:type="SequencePoint" ordinal="5" offset="5" sc="0" sl="83" ec="1" el="83" bec="0" bev="0" fileid="1" xmlns:p8="xsi" />
            </Method>
            <Method cyclomaticComplexity="4" nPathComplexity="4" sequenceCoverage="100" branchCoverage="100" isConstructor="False" isGetter="False" isSetter="False" isStatic="True">
              <Summary numSequencePoints="6" visitedSequencePoints="6" numBranchPoints="4" visitedBranchPoints="4" sequenceCoverage="100" branchCoverage="100" maxCyclomaticComplexity="4" minCyclomaticComplexity="4" visitedClasses="0" numClasses="0" visitedMethods="1" numMethods="1" />
              <MetadataToken />
              <Name>System.Int32 Open.Boundary`1::CompareTo(Open.Boundary`1&lt;T&gt;)</Name>
              <FileRef uid="1" />
              <SequencePoints>
                <SequencePoint vc="133" uspid="96" ordinal="0" sl="96" sc="1" el="96" ec="2" bec="0" bev="0" fileid="1" />
                <SequencePoint vc="133" uspid="97" ordinal="1" sl="97" sc="1" el="97" ec="2" bec="0" bev="0" fileid="1" />
                <SequencePoint vc="133" uspid="98" ordinal="2" sl="98" sc="1" el="98" ec="2" bec="4" bev="4" fileid="1" />
                <SequencePoint vc="4" uspid="99" ordinal="3" sl="99" sc="1" el="99" ec="2" bec="0" bev="0" fileid="1" />
                <SequencePoint vc="129" uspid="100" ordinal="4" sl="100" sc="1" el="100" ec="2" bec="0" bev="0" fileid="1" />
                <SequencePoint vc="129" uspid="101" ordinal="5" sl="101" sc="1" el="101" ec="2" bec="0" bev="0" fileid="1" />
              </SequencePoints>
              <BranchPoints>
                <BranchPoint vc="17" uspid="98" ordinal="0" path="0" offset="30" offsetend="32" sl="98" fileid="1" />
                <BranchPoint vc="116" uspid="98" ordinal="1" path="1" offset="30" offsetend="52" sl="98" fileid="1" />
                <BranchPoint vc="4" uspid="98" ordinal="2" path="0" offset="55" offsetend="57" sl="98" fileid="1" />
                <BranchPoint vc="129" uspid="98" ordinal="3" path="1" offset="55" offsetend="68" sl="98" fileid="1" />
              </BranchPoints>
              <MethodPoint vc="6" uspid="0" p8:type="SequencePoint" ordinal="6" offset="6" sc="0" sl="96" ec="1" el="101" bec="0" bev="0" fileid="1" xmlns:p8="xsi" />
            </Method>
            <Method cyclomaticComplexity="4" nPathComplexity="4" sequenceCoverage="100" branchCoverage="100" isConstructor="False" isGetter="False" isSetter="False" isStatic="True">
              <Summary numSequencePoints="2" visitedSequencePoints="2" numBranchPoints="4" visitedBranchPoints="4" sequenceCoverage="100" branchCoverage="100" maxCyclomaticComplexity="4" minCyclomaticComplexity="4" visitedClasses="0" numClasses="0" visitedMethods="1" numMethods="1" />
              <MetadataToken />
              <Name>System.Boolean Open.Boundary`1::CanRangeWith(Open.Boundary`1&lt;T&gt;)</Name>
              <FileRef uid="1" />
              <SequencePoints>
                <SequencePoint vc="116" uspid="107" ordinal="0" sl="107" sc="1" el="107" ec="2" bec="4" bev="4" fileid="1" />
                <SequencePoint vc="116" uspid="108" ordinal="1" sl="108" sc="1" el="108" ec="2" bec="0" bev="0" fileid="1" />
              </SequencePoints>
              <BranchPoints>
                <BranchPoint vc="20" uspid="107" ordinal="0" path="0" offset="27" offsetend="29" sl="107" fileid="1" />
                <BranchPoint vc="12" uspid="107" ordinal="2" path="0" offset="35" offsetend="37" sl="107" fileid="1" />
                <BranchPoint vc="8" uspid="107" ordinal="3" path="1" offset="35" offsetend="46" sl="107" fileid="1" />
                <BranchPoint vc="96" uspid="107" ordinal="1" path="1" offset="27" offsetend="49" sl="107" fileid="1" />
              </BranchPoints>
              <MethodPoint vc="2" uspid="0" p8:type="SequencePoint" ordinal="7" offset="7" sc="0" sl="107" ec="1" el="108" bec="0" bev="0" fileid="1" xmlns:p8="xsi" />
            </Method>
            <Method cyclomaticComplexity="2" nPathComplexity="2" sequenceCoverage="100" branchCoverage="50" isConstructor="False" isGetter="False" isSetter="False" isStatic="True">
              <Summary numSequencePoints="1" visitedSequencePoints="1" numBranchPoints="2" visitedBranchPoints="1" sequenceCoverage="100" branchCoverage="50" maxCyclomaticComplexity="2" minCyclomaticComplexity="2" visitedClasses="0" numClasses="0" visitedMethods="1" numMethods="1" />
              <MetadataToken />
              <Name>System.Boolean Open.Boundary`1::CanRangeWith(System.Object)</Name>
              <FileRef uid="1" />
              <SequencePoints>
                <SequencePoint vc="116" uspid="112" ordinal="0" sl="112" sc="1" el="112" ec="2" bec="2" bev="1" fileid="1" />
              </SequencePoints>
              <BranchPoints>
                <BranchPoint vc="116" uspid="112" ordinal="0" path="0" offset="6" offsetend="8" sl="112" fileid="1" />
                <BranchPoint vc="0" uspid="112" ordinal="1" path="1" offset="6" offsetend="24" sl="112" fileid="1" />
              </BranchPoints>
              <MethodPoint vc="1" uspid="0" p8:type="SequencePoint" ordinal="8" offset="8" sc="0" sl="112" ec="1" el="112" bec="0" bev="0" fileid="1" xmlns:p8="xsi" />
            </Method>
            <Method cyclomaticComplexity="1" nPathComplexity="1" sequenceCoverage="100" branchCoverage="100" isConstructor="False" isGetter="False" isSetter="False" isStatic="True">
              <Summary numSequencePoints="1" visitedSequencePoints="1" numBranchPoints="0" visitedBranchPoints="0" sequenceCoverage="100" branchCoverage="100" maxCyclomaticComplexity="1" minCyclomaticComplexity="1" visitedClasses="0" numClasses="0" visitedMethods="1" numMethods="1" />
              <MetadataToken />
              <Name>System.String Open.Boundary`1::ToString()</Name>
              <FileRef uid="1" />
              <SequencePoints>
                <SequencePoint vc="20" uspid="115" ordinal="0" sl="115" sc="1" el="115" ec="2" bec="0" bev="0" fileid="1" />
              </SequencePoints>
              <BranchPoints />
              <MethodPoint vc="1" uspid="0" p8:type="SequencePoint" ordinal="9" offset="9" sc="0" sl="115" ec="1" el="115" bec="0" bev="0" fileid="1" xmlns:p8="xsi" />
            </Method>
            <Method cyclomaticComplexity="1" nPathComplexity="1" sequenceCoverage="100" branchCoverage="100" isConstructor="False" isGetter="False" isSetter="False" isStatic="True">
              <Summary numSequencePoints="1" visitedSequencePoints="1" numBranchPoints="0" visitedBranchPoints="0" sequenceCoverage="100" branchCoverage="100" maxCyclomaticComplexity="1" minCyclomaticComplexity="1" visitedClasses="0" numClasses="0" visitedMethods="1" numMethods="1" />
              <MetadataToken />
              <Name>T Open.Boundary`1::op_Implicit(Open.Boundary`1&lt;T&gt;)</Name>
              <FileRef uid="1" />
              <SequencePoints>
                <SequencePoint vc="69" uspid="118" ordinal="0" sl="118" sc="1" el="118" ec="2" bec="0" bev="0" fileid="1" />
              </SequencePoints>
              <BranchPoints />
              <MethodPoint vc="1" uspid="0" p8:type="SequencePoint" ordinal="10" offset="10" sc="0" sl="118" ec="1" el="118" bec="0" bev="0" fileid="1" xmlns:p8="xsi" />
            </Method>
            <Method cyclomaticComplexity="1" nPathComplexity="1" sequenceCoverage="100" branchCoverage="100" isConstructor="False" isGetter="False" isSetter="False" isStatic="True">
              <Summary numSequencePoints="1" visitedSequencePoints="1" numBranchPoints="0" visitedBranchPoints="0" sequenceCoverage="100" branchCoverage="100" maxCyclomaticComplexity="1" minCyclomaticComplexity="1" visitedClasses="0" numClasses="0" visitedMethods="1" numMethods="1" />
              <MetadataToken />
              <Name>System.Boolean Open.Boundary`1::op_Equality(Open.Boundary`1&lt;T&gt;,Open.Boundary`1&lt;T&gt;)</Name>
              <FileRef uid="1" />
              <SequencePoints>
                <SequencePoint vc="8" uspid="121" ordinal="0" sl="121" sc="1" el="121" ec="2" bec="0" bev="0" fileid="1" />
              </SequencePoints>
              <BranchPoints />
              <MethodPoint vc="1" uspid="0" p8:type="SequencePoint" ordinal="11" offset="11" sc="0" sl="121" ec="1" el="121" bec="0" bev="0" fileid="1" xmlns:p8="xsi" />
            </Method>
            <Method cyclomaticComplexity="1" nPathComplexity="1" sequenceCoverage="100" branchCoverage="100" isConstructor="False" isGetter="False" isSetter="False" isStatic="True">
              <Summary numSequencePoints="1" visitedSequencePoints="1" numBranchPoints="0" visitedBranchPoints="0" sequenceCoverage="100" branchCoverage="100" maxCyclomaticComplexity="1" minCyclomaticComplexity="1" visitedClasses="0" numClasses="0" visitedMethods="1" numMethods="1" />
              <MetadataToken />
              <Name>System.Boolean Open.Boundary`1::op_Inequality(Open.Boundary`1&lt;T&gt;,Open.Boundary`1&lt;T&gt;)</Name>
              <FileRef uid="1" />
              <SequencePoints>
                <SequencePoint vc="4" uspid="124" ordinal="0" sl="124" sc="1" el="124" ec="2" bec="0" bev="0" fileid="1" />
              </SequencePoints>
              <BranchPoints />
              <MethodPoint vc="1" uspid="0" p8:type="SequencePoint" ordinal="12" offset="12" sc="0" sl="124" ec="1" el="124" bec="0" bev="0" fileid="1" xmlns:p8="xsi" />
            </Method>
            <Method cyclomaticComplexity="1" nPathComplexity="1" sequenceCoverage="100" branchCoverage="100" isConstructor="False" isGetter="False" isSetter="False" isStatic="True">
              <Summary numSequencePoints="1" visitedSequencePoints="1" numBranchPoints="0" visitedBranchPoints="0" sequenceCoverage="100" branchCoverage="100" maxCyclomaticComplexity="1" minCyclomaticComplexity="1" visitedClasses="0" numClasses="0" visitedMethods="1" numMethods="1" />
              <MetadataToken />
              <Name>System.Boolean Open.Boundary`1::op_LessThan(Open.Boundary`1&lt;T&gt;,Open.Boundary`1&lt;T&gt;)</Name>
              <FileRef uid="1" />
              <SequencePoints>
                <SequencePoint vc="4" uspid="127" ordinal="0" sl="127" sc="1" el="127" ec="2" bec="0" bev="0" fileid="1" />
              </SequencePoints>
              <BranchPoints />
              <MethodPoint vc="1" uspid="0" p8:type="SequencePoint" ordinal="13" offset="13" sc="0" sl="127" ec="1" el="127" bec="0" bev="0" fileid="1" xmlns:p8="xsi" />
            </Method>
            <Method cyclomaticComplexity="1" nPathComplexity="1" sequenceCoverage="100" branchCoverage="100" isConstructor="False" isGetter="False" isSetter="False" isStatic="True">
              <Summary numSequencePoints="1" visitedSequencePoints="1" numBranchPoints="0" visitedBranchPoints="0" sequenceCoverage="100" branchCoverage="100" maxCyclomaticComplexity="1" minCyclomaticComplexity="1" visitedClasses="0" numClasses="0" visitedMethods="1" numMethods="1" />
              <MetadataToken />
              <Name>System.Boolean Open.Boundary`1::op_LessThanOrEqual(Open.Boundary`1&lt;T&gt;,Open.Boundary`1&lt;T&gt;)</Name>
              <FileRef uid="1" />
              <SequencePoints>
                <SequencePoint vc="8" uspid="130" ordinal="0" sl="130" sc="1" el="130" ec="2" bec="0" bev="0" fileid="1" />
              </SequencePoints>
              <BranchPoints />
              <MethodPoint vc="1" uspid="0" p8:type="SequencePoint" ordinal="14" offset="14" sc="0" sl="130" ec="1" el="130" bec="0" bev="0" fileid="1" xmlns:p8="xsi" />
            </Method>
            <Method cyclomaticComplexity="1" nPathComplexity="1" sequenceCoverage="100" branchCoverage="100" isConstructor="False" isGetter="False" isSetter="False" isStatic="True">
              <Summary numSequencePoints="1" visitedSequencePoints="1" numBranchPoints="0" visitedBranchPoints="0" sequenceCoverage="100" branchCoverage="100" maxCyclomaticComplexity="1" minCyclomaticComplexity="1" visitedClasses="0" numClasses="0" visitedMethods="1" numMethods="1" />
              <MetadataToken />
              <Name>System.Boolean Open.Boundary`1::op_GreaterThan(Open.Boundary`1&lt;T&gt;,Open.Boundary`1&lt;T&gt;)</Name>
              <FileRef uid="1" />
              <SequencePoints>
                <SequencePoint vc="4" uspid="133" ordinal="0" sl="133" sc="1" el="133" ec="2" bec="0" bev="0" fileid="1" />
              </SequencePoints>
              <BranchPoints />
              <MethodPoint vc="1" uspid="0" p8:type="SequencePoint" ordinal="15" offset="15" sc="0" sl="133" ec="1" el="133" bec="0" bev="0" fileid="1" xmlns:p8="xsi" />
            </Method>
            <Method cyclomaticComplexity="1" nPathComplexity="1" sequenceCoverage="100" branchCoverage="100" isConstructor="False" isGetter="False" isSetter="False" isStatic="True">
              <Summary numSequencePoints="1" visitedSequencePoints="1" numBranchPoints="0" visitedBranchPoints="0" sequenceCoverage="100" branchCoverage="100" maxCyclomaticComplexity="1" minCyclomaticComplexity="1" visitedClasses="0" numClasses="0" visitedMethods="1" numMethods="1" />
              <MetadataToken />
              <Name>System.Boolean Open.Boundary`1::op_GreaterThanOrEqual(Open.Boundary`1&lt;T&gt;,Open.Boundary`1&lt;T&gt;)</Name>
              <FileRef uid="1" />
              <SequencePoints>
                <SequencePoint vc="8" uspid="136" ordinal="0" sl="136" sc="1" el="136" ec="2" bec="0" bev="0" fileid="1" />
              </SequencePoints>
              <BranchPoints />
              <MethodPoint vc="1" uspid="0" p8:type="SequencePoint" ordinal="16" offset="16" sc="0" sl="136" ec="1" el="136" bec="0" bev="0" fileid="1" xmlns:p8="xsi" />
            </Method>
            <Method cyclomaticComplexity="4" nPathComplexity="4" sequenceCoverage="100" branchCoverage="75" isConstructor="True" isGetter="False" isSetter="False" isStatic="True">
              <Summary numSequencePoints="6" visitedSequencePoints="6" numBranchPoints="4" visitedBranchPoints="3" sequenceCoverage="100" branchCoverage="75" maxCyclomaticComplexity="4" minCyclomaticComplexity="4" visitedClasses="0" numClasses="0" visitedMethods="1" numMethods="1" />
              <MetadataToken />
              <Name>System.Void Open.Boundary`1::.ctor(T,System.Boolean)</Name>
              <FileRef uid="1" />
              <SequencePoints>
                <SequencePoint vc="167" uspid="49" ordinal="0" sl="49" sc="1" el="49" ec="2" bec="0" bev="0" fileid="1" />
                <SequencePoint vc="167" uspid="50" ordinal="1" sl="50" sc="1" el="50" ec="2" bec="2" bev="1" fileid="1" />
                <SequencePoint vc="171" uspid="51" ordinal="2" sl="51" sc="1" el="51" ec="2" bec="2" bev="2" fileid="1" />
                <SequencePoint vc="163" uspid="52" ordinal="3" sl="52" sc="1" el="52" ec="2" bec="0" bev="0" fileid="1" />
                <SequencePoint vc="163" uspid="53" ordinal="4" sl="53" sc="1" el="53" ec="2" bec="0" bev="0" fileid="1" />
                <SequencePoint vc="163" uspid="54" ordinal="5" sl="54" sc="1" el="54" ec="2" bec="0" bev="0" fileid="1" />
              </SequencePoints>
              <BranchPoints>
                <BranchPoint vc="0" uspid="50" ordinal="0" path="0" offset="12" offsetend="14" sl="50" fileid="1" />
                <BranchPoint vc="167" uspid="50" ordinal="1" path="1" offset="12" offsetend="25" sl="50" fileid="1" />
                <BranchPoint vc="4" uspid="51" ordinal="2" path="0" offset="33" offsetend="35" sl="51" fileid="1" />
                <BranchPoint vc="163" uspid="51" ordinal="3" path="1" offset="33" offsetend="46" sl="51" fileid="1" />
              </BranchPoints>
              <MethodPoint vc="6" uspid="0" p8:type="SequencePoint" ordinal="17" offset="17" sc="0" sl="49" ec="1" el="54" bec="0" bev="0" fileid="1" xmlns:p8="xsi" />
            </Method>
          </Methods>
        </Class>
        <Class>
          <Summary numSequencePoints="1" visitedSequencePoints="1" numBranchPoints="0" visitedBranchPoints="0" sequenceCoverage="100" branchCoverage="100" maxCyclomaticComplexity="1" minCyclomaticComplexity="1" visitedClasses="1" numClasses="1" visitedMethods="1" numMethods="1" />
          <FullName>Open.Boundary</FullName>
          <Methods>
            <Method cyclomaticComplexity="1" nPathComplexity="1" sequenceCoverage="100" branchCoverage="100" isConstructor="False" isGetter="False" isSetter="False" isStatic="True">
              <Summary numSequencePoints="1" visitedSequencePoints="1" numBranchPoints="0" visitedBranchPoints="0" sequenceCoverage="100" branchCoverage="100" maxCyclomaticComplexity="1" minCyclomaticComplexity="1" visitedClasses="0" numClasses="0" visitedMethods="1" numMethods="1" />
              <MetadataToken />
              <Name>Open.Boundary`1&lt;T&gt; Open.Boundary::Create(T,System.Boolean)</Name>
              <FileRef uid="1" />
              <SequencePoints>
                <SequencePoint vc="53" uspid="143" ordinal="0" sl="143" sc="1" el="143" ec="2" bec="0" bev="0" fileid="1" />
              </SequencePoints>
              <BranchPoints />
              <MethodPoint vc="1" uspid="0" p8:type="SequencePoint" ordinal="0" offset="0" sc="0" sl="143" ec="1" el="143" bec="0" bev="0" fileid="1" xmlns:p8="xsi" />
            </Method>
          </Methods>
        </Class>
        <Class>
          <Summary numSequencePoints="2" visitedSequencePoints="2" numBranchPoints="0" visitedBranchPoints="0" sequenceCoverage="100" branchCoverage="100" maxCyclomaticComplexity="1" minCyclomaticComplexity="1" visitedClasses="1" numClasses="1" visitedMethods="2" numMethods="2" />
          <FullName>Open.BoundaryExtensions</FullName>
          <Methods>
            <Method cyclomaticComplexity="1" nPathComplexity="1" sequenceCoverage="100" branchCoverage="100" isConstructor="False" isGetter="False" isSetter="False" isStatic="True">
              <Summary numSequencePoints="1" visitedSequencePoints="1" numBranchPoints="0" visitedBranchPoints="0" sequenceCoverage="100" branchCoverage="100" maxCyclomaticComplexity="1" minCyclomaticComplexity="1" visitedClasses="0" numClasses="0" visitedMethods="1" numMethods="1" />
              <MetadataToken />
              <Name>Open.Range`1&lt;Open.Boundary`1&lt;T&gt;&gt; Open.BoundaryExtensions::To(Open.Boundary`1&lt;T&gt;,T)</Name>
              <FileRef uid="2" />
              <SequencePoints>
                <SequencePoint vc="20" uspid="12" ordinal="0" sl="12" sc="1" el="12" ec="2" bec="0" bev="0" fileid="2" />
              </SequencePoints>
              <BranchPoints />
              <MethodPoint vc="1" uspid="0" p8:type="SequencePoint" ordinal="0" offset="0" sc="0" sl="12" ec="1" el="12" bec="0" bev="0" fileid="2" xmlns:p8="xsi" />
            </Method>
            <Method cyclomaticComplexity="1" nPathComplexity="1" sequenceCoverage="100" branchCoverage="100" isConstructor="False" isGetter="False" isSetter="False" isStatic="True">
              <Summary numSequencePoints="1" visitedSequencePoints="1" numBranchPoints="0" visitedBranchPoints="0" sequenceCoverage="100" branchCoverage="100" maxCyclomaticComplexity="1" minCyclomaticComplexity="1" visitedClasses="0" numClasses="0" visitedMethods="1" numMethods="1" />
              <MetadataToken />
              <Name>Open.Range`1&lt;Open.Boundary`1&lt;T&gt;&gt; Open.BoundaryExtensions::Below(Open.Boundary`1&lt;T&gt;,T)</Name>
              <FileRef uid="2" />
              <SequencePoints>
                <SequencePoint vc="20" uspid="19" ordinal="0" sl="19" sc="1" el="19" ec="2" bec="0" bev="0" fileid="2" />
              </SequencePoints>
              <BranchPoints />
              <MethodPoint vc="1" uspid="0" p8:type="SequencePoint" ordinal="1" offset="1" sc="0" sl="19" ec="1" el="19" bec="0" bev="0" fileid="2" xmlns:p8="xsi" />
            </Method>
          </Methods>
        </Class>
        <Class>
          <Summary numSequencePoints="18" visitedSequencePoints="18" numBranchPoints="4" visitedBranchPoints="3" sequenceCoverage="100" branchCoverage="75" maxCyclomaticComplexity="2" minCyclomaticComplexity="1" visitedClasses="1" numClasses="1" visitedMethods="10" numMethods="10" />
          <FullName>Open.Range`1</FullName>
          <Methods>
            <Method cyclomaticComplexity="1" nPathComplexity="1" sequenceCoverage="100" branchCoverage="100" isConstructor="False" isGetter="True" isSetter="False" isStatic="True">
              <Summary numSequencePoints="1" visitedSequencePoints="1" numBranchPoints="0" visitedBranchPoints="0" sequenceCoverage="100" branchCoverage="100" maxCyclomaticComplexity="1" minCyclomaticComplexity="1" visitedClasses="0" numClasses="0" visitedMethods="1" numMethods="1" />
              <MetadataToken />
              <Name>T Open.Range`1::get_Low()</Name>
              <FileRef uid="3" />
              <SequencePoints>
                <SequencePoint vc="130" uspid="31" ordinal="0" sl="31" sc="1" el="31" ec="2" bec="0" bev="0" fileid="3" />
              </SequencePoints>
              <BranchPoints />
              <MethodPoint vc="1" uspid="0" p8:type="SequencePoint" ordinal="0" offset="0" sc="0" sl="31" ec="1" el="31" bec="0" bev="0" fileid="3" xmlns:p8="xsi" />
            </Method>
            <Method cyclomaticComplexity="1" nPathComplexity="1" sequenceCoverage="100" branchCoverage="100" isConstructor="False" isGetter="True" isSetter="False" isStatic="True">
              <Summary numSequencePoints="1" visitedSequencePoints="1" numBranchPoints="0" visitedBranchPoints="0" sequenceCoverage="100" branchCoverage="100" maxCyclomaticComplexity="1" minCyclomaticComplexity="1" visitedClasses="0" numClasses="0" visitedMethods="1" numMethods="1" />
              <MetadataToken />
              <Name>T Open.Range`1::get_High()</Name>
              <FileRef uid="3" />
              <SequencePoints>
                <SequencePoint vc="123" uspid="34" ordinal="0" sl="34" sc="1" el="34" ec="2" bec="0" bev="0" fileid="3" />
              </SequencePoints>
              <BranchPoints />
              <MethodPoint vc="1" uspid="0" p8:type="SequencePoint" ordinal="1" offset="1" sc="0" sl="34" ec="1" el="34" bec="0" bev="0" fileid="3" xmlns:p8="xsi" />
            </Method>
            <Method cyclomaticComplexity="1" nPathComplexity="1" sequenceCoverage="100" branchCoverage="100" isConstructor="False" isGetter="False" isSetter="False" isStatic="True">
              <Summary numSequencePoints="4" visitedSequencePoints="4" numBranchPoints="0" visitedBranchPoints="0" sequenceCoverage="100" branchCoverage="100" maxCyclomaticComplexity="1" minCyclomaticComplexity="1" visitedClasses="0" numClasses="0" visitedMethods="1" numMethods="1" />
              <MetadataToken />
              <Name>System.Void Open.Range`1::Deconstruct(T&amp;,T&amp;)</Name>
              <FileRef uid="3" />
              <SequencePoints>
                <SequencePoint vc="2" uspid="39" ordinal="0" sl="39" sc="1" el="39" ec="2" bec="0" bev="0" fileid="3" />
                <SequencePoint vc="2" uspid="40" ordinal="1" sl="40" sc="1" el="40" ec="2" bec="0" bev="0" fileid="3" />
                <SequencePoint vc="2" uspid="41" ordinal="2" sl="41" sc="1" el="41" ec="2" bec="0" bev="0" fileid="3" />
                <SequencePoint vc="2" uspid="42" ordinal="3" sl="42" sc="1" el="42" ec="2" bec="0" bev="0" fileid="3" />
              </SequencePoints>
              <BranchPoints />
              <MethodPoint vc="4" uspid="0" p8:type="SequencePoint" ordinal="2" offset="2" sc="0" sl="39" ec="1" el="42" bec="0" bev="0" fileid="3" xmlns:p8="xsi" />
            </Method>
            <Method cyclomaticComplexity="1" nPathComplexity="1" sequenceCoverage="100" branchCoverage="100" isConstructor="False" isGetter="False" isSetter="False" isStatic="True">
              <Summary numSequencePoints="1" visitedSequencePoints="1" numBranchPoints="0" visitedBranchPoints="0" sequenceCoverage="100" branchCoverage="100" maxCyclomaticComplexity="1" minCyclomaticComplexity="1" visitedClasses="0" numClasses="0" visitedMethods="1" numMethods="1" />
              <MetadataToken />
              <Name>System.String Open.Range`1::ToString()</Name>
              <FileRef uid="3" />
              <SequencePoints>
                <SequencePoint vc="1" uspid="46" ordinal="0" sl="46" sc="1" el="46" ec="2" bec="0" bev="0" fileid="3" />
              </SequencePoints>
              <BranchPoints />
              <MethodPoint vc="1" uspid="0" p8:type="SequencePoint" ordinal="3" offset="3" sc="0" sl="46" ec="1" el="46" bec="0" bev="0" fileid="3" xmlns:p8="xsi" />
            </Method>
            <Method cyclomaticComplexity="2" nPathComplexity="2" sequenceCoverage="100" branchCoverage="50" isConstructor="False" isGetter="False" isSetter="False" isStatic="True">
              <Summary numSequencePoints="2" visitedSequencePoints="2" numBranchPoints="2" visitedBranchPoints="1" sequenceCoverage="100" branchCoverage="50" maxCyclomaticComplexity="2" minCyclomaticComplexity="2" visitedClasses="0" numClasses="0" visitedMethods="1" numMethods="1" />
              <MetadataToken />
              <Name>System.Boolean Open.Range`1::Equals(Open.Range`1&lt;T&gt;)</Name>
              <FileRef uid="3" />
              <SequencePoints>
                <SequencePoint vc="25" uspid="50" ordinal="0" sl="50" sc="1" el="50" ec="2" bec="2" bev="1" fileid="3" />
                <SequencePoint vc="25" uspid="51" ordinal="1" sl="51" sc="1" el="51" ec="2" bec="0" bev="0" fileid="3" />
              </SequencePoints>
              <BranchPoints>
                <BranchPoint vc="25" uspid="50" ordinal="0" path="0" offset="23" offsetend="25" sl="50" fileid="3" />
                <BranchPoint vc="0" uspid="50" ordinal="1" path="1" offset="23" offsetend="50" sl="50" fileid="3" />
              </BranchPoints>
              <MethodPoint vc="2" uspid="0" p8:type="SequencePoint" ordinal="4" offset="4" sc="0" sl="50" ec="1" el="51" bec="0" bev="0" fileid="3" xmlns:p8="xsi" />
            </Method>
            <Method cyclomaticComplexity="2" nPathComplexity="2" sequenceCoverage="100" branchCoverage="100" isConstructor="False" isGetter="False" isSetter="False" isStatic="True">
              <Summary numSequencePoints="1" visitedSequencePoints="1" numBranchPoints="2" visitedBranchPoints="2" sequenceCoverage="100" branchCoverage="100" maxCyclomaticComplexity="2" minCyclomaticComplexity="2" visitedClasses="0" numClasses="0" visitedMethods="1" numMethods="1" />
              <MetadataToken />
              <Name>System.Boolean Open.Range`1::Equals(System.Object)</Name>
              <FileRef uid="3" />
              <SequencePoints>
                <SequencePoint vc="6" uspid="55" ordinal="0" sl="55" sc="1" el="55" ec="2" bec="2" bev="2" fileid="3" />
              </SequencePoints>
              <BranchPoints>
                <BranchPoint vc="3" uspid="55" ordinal="0" path="0" offset="6" offsetend="8" sl="55" fileid="3" />
                <BranchPoint vc="3" uspid="55" ordinal="1" path="1" offset="6" offsetend="24" sl="55" fileid="3" />
              </BranchPoints>
              <MethodPoint vc="1" uspid="0" p8:type="SequencePoint" ordinal="5" offset="5" sc="0" sl="55" ec="1" el="55" bec="0" bev="0" fileid="3" xmlns:p8="xsi" />
            </Method>
            <Method cyclomaticComplexity="1" nPathComplexity="1" sequenceCoverage="100" branchCoverage="100" isConstructor="False" isGetter="False" isSetter="False" isStatic="True">
              <Summary numSequencePoints="1" visitedSequencePoints="1" numBranchPoints="0" visitedBranchPoints="0" sequenceCoverage="100" branchCoverage="100" maxCyclomaticComplexity="1" minCyclomaticComplexity="1" visitedClasses="0" numClasses="0" visitedMethods="1" numMethods="1" />
              <MetadataToken />
              <Name>System.Int32 Open.Range`1::GetHashCode()</Name>
              <FileRef uid="3" />
              <SequencePoints>
                <SequencePoint vc="6" uspid="59" ordinal="0" sl="59" sc="1" el="59" ec="2" bec="0" bev="0" fileid="3" />
              </SequencePoints>
              <BranchPoints />
              <MethodPoint vc="1" uspid="0" p8:type="SequencePoint" ordinal="6" offset="6" sc="0" sl="59" ec="1" el="59" bec="0" bev="0" fileid="3" xmlns:p8="xsi" />
            </Method>
            <Method cyclomaticComplexity="1" nPathComplexity="1" sequenceCoverage="100" branchCoverage="100" isConstructor="False" isGetter="False" isSetter="False" isStatic="True">
              <Summary numSequencePoints="1" visitedSequencePoints="1" numBranchPoints="0" visitedBranchPoints="0" sequenceCoverage="100" branchCoverage="100" maxCyclomaticComplexity="1" minCyclomaticComplexity="1" visitedClasses="0" numClasses="0" visitedMethods="1" numMethods="1" />
              <MetadataToken />
              <Name>System.Boolean Open.Range`1::op_Equality(Open.Range`1&lt;T&gt;,Open.Range`1&lt;T&gt;)</Name>
              <FileRef uid="3" />
              <SequencePoints>
                <SequencePoint vc="3" uspid="70" ordinal="0" sl="70" sc="1" el="70" ec="2" bec="0" bev="0" fileid="3" />
              </SequencePoints>
              <BranchPoints />
              <MethodPoint vc="1" uspid="0" p8:type="SequencePoint" ordinal="7" offset="7" sc="0" sl="70" ec="1" el="70" bec="0" bev="0" fileid="3" xmlns:p8="xsi" />
            </Method>
            <Method cyclomaticComplexity="1" nPathComplexity="1" sequenceCoverage="100" branchCoverage="100" isConstructor="False" isGetter="False" isSetter="False" isStatic="True">
              <Summary numSequencePoints="1" visitedSequencePoints="1" numBranchPoints="0" visitedBranchPoints="0" sequenceCoverage="100" branchCoverage="100" maxCyclomaticComplexity="1" minCyclomaticComplexity="1" visitedClasses="0" numClasses="0" visitedMethods="1" numMethods="1" />
              <MetadataToken />
              <Name>System.Boolean Open.Range`1::op_Inequality(Open.Range`1&lt;T&gt;,Open.Range`1&lt;T&gt;)</Name>
              <FileRef uid="3" />
              <SequencePoints>
                <SequencePoint vc="3" uspid="71" ordinal="0" sl="71" sc="1" el="71" ec="2" bec="0" bev="0" fileid="3" />
              </SequencePoints>
              <BranchPoints />
              <MethodPoint vc="1" uspid="0" p8:type="SequencePoint" ordinal="8" offset="8" sc="0" sl="71" ec="1" el="71" bec="0" bev="0" fileid="3" xmlns:p8="xsi" />
            </Method>
            <Method cyclomaticComplexity="1" nPathComplexity="1" sequenceCoverage="100" branchCoverage="100" isConstructor="True" isGetter="False" isSetter="False" isStatic="True">
              <Summary numSequencePoints="5" visitedSequencePoints="5" numBranchPoints="0" visitedBranchPoints="0" sequenceCoverage="100" branchCoverage="100" maxCyclomaticComplexity="1" minCyclomaticComplexity="1" visitedClasses="0" numClasses="0" visitedMethods="1" numMethods="1" />
              <MetadataToken />
              <Name>System.Void Open.Range`1::.ctor(T,T)</Name>
              <FileRef uid="3" />
              <SequencePoints>
                <SequencePoint vc="77" uspid="18" ordinal="0" sl="18" sc="1" el="18" ec="2" bec="0" bev="0" fileid="3" />
                <SequencePoint vc="77" uspid="19" ordinal="1" sl="19" sc="1" el="19" ec="2" bec="0" bev="0" fileid="3" />
                <SequencePoint vc="68" uspid="20" ordinal="2" sl="20" sc="1" el="20" ec="2" bec="0" bev="0" fileid="3" />
                <SequencePoint vc="68" uspid="21" ordinal="3" sl="21" sc="1" el="21" ec="2" bec="0" bev="0" fileid="3" />
                <SequencePoint vc="68" uspid="22" ordinal="4" sl="22" sc="1" el="22" ec="2" bec="0" bev="0" fileid="3" />
              </SequencePoints>
              <BranchPoints />
              <MethodPoint vc="5" uspid="0" p8:type="SequencePoint" ordinal="9" offset="9" sc="0" sl="18" ec="1" el="22" bec="0" bev="0" fileid="3" xmlns:p8="xsi" />
            </Method>
          </Methods>
        </Class>
        <Class>
          <Summary numSequencePoints="19" visitedSequencePoints="19" numBranchPoints="12" visitedBranchPoints="12" sequenceCoverage="100" branchCoverage="100" maxCyclomaticComplexity="10" minCyclomaticComplexity="1" visitedClasses="1" numClasses="1" visitedMethods="8" numMethods="8" />
          <FullName>Open.Range</FullName>
          <Methods>
            <Method cyclomaticComplexity="1" nPathComplexity="1" sequenceCoverage="100" branchCoverage="100" isConstructor="False" isGetter="False" isSetter="False" isStatic="True">
              <Summary numSequencePoints="1" visitedSequencePoints="1" numBranchPoints="0" visitedBranchPoints="0" sequenceCoverage="100" branchCoverage="100" maxCyclomaticComplexity="1" minCyclomaticComplexity="1" visitedClasses="0" numClasses="0" visitedMethods="1" numMethods="1" />
              <MetadataToken />
              <Name>Open.Range`1&lt;T&gt; Open.Range::Create(T,T)</Name>
              <FileRef uid="3" />
              <SequencePoints>
                <SequencePoint vc="13" uspid="82" ordinal="0" sl="82" sc="1" el="82" ec="2" bec="0" bev="0" fileid="3" />
              </SequencePoints>
              <BranchPoints />
              <MethodPoint vc="1" uspid="0" p8:type="SequencePoint" ordinal="0" offset="0" sc="0" sl="82" ec="1" el="82" bec="0" bev="0" fileid="3" xmlns:p8="xsi" />
            </Method>
            <Method cyclomaticComplexity="1" nPathComplexity="1" sequenceCoverage="100" branchCoverage="100" isConstructor="False" isGetter="False" isSetter="False" isStatic="True">
              <Summary numSequencePoints="1" visitedSequencePoints="1" numBranchPoints="0" visitedBranchPoints="0" sequenceCoverage="100" branchCoverage="100" maxCyclomaticComplexity="1" minCyclomaticComplexity="1" visitedClasses="0" numClasses="0" visitedMethods="1" numMethods="1" />
              <MetadataToken />
              <Name>Open.Boundary`1&lt;T&gt; Open.Range::From(T)</Name>
              <FileRef uid="3" />
              <SequencePoints>
                <SequencePoint vc="20" uspid="91" ordinal="0" sl="91" sc="1" el="91" ec="2" bec="0" bev="0" fileid="3" />
              </SequencePoints>
              <BranchPoints />
              <MethodPoint vc="1" uspid="0" p8:type="SequencePoint" ordinal="1" offset="1" sc="0" sl="91" ec="1" el="91" bec="0" bev="0" fileid="3" xmlns:p8="xsi" />
            </Method>
            <Method cyclomaticComplexity="1" nPathComplexity="1" sequenceCoverage="100" branchCoverage="100" isConstructor="False" isGetter="False" isSetter="False" isStatic="True">
              <Summary numSequencePoints="1" visitedSequencePoints="1" numBranchPoints="0" visitedBranchPoints="0" sequenceCoverage="100" branchCoverage="100" maxCyclomaticComplexity="1" minCyclomaticComplexity="1" visitedClasses="0" numClasses="0" visitedMethods="1" numMethods="1" />
              <MetadataToken />
              <Name>Open.Boundary`1&lt;T&gt; Open.Range::Above(T)</Name>
              <FileRef uid="3" />
              <SequencePoints>
                <SequencePoint vc="20" uspid="99" ordinal="0" sl="99" sc="1" el="99" ec="2" bec="0" bev="0" fileid="3" />
              </SequencePoints>
              <BranchPoints />
              <MethodPoint vc="1" uspid="0" p8:type="SequencePoint" ordinal="2" offset="2" sc="0" sl="99" ec="1" el="99" bec="0" bev="0" fileid="3" xmlns:p8="xsi" />
            </Method>
            <Method cyclomaticComplexity="1" nPathComplexity="1" sequenceCoverage="100" branchCoverage="100" isConstructor="False" isGetter="False" isSetter="False" isStatic="True">
              <Summary numSequencePoints="1" visitedSequencePoints="1" numBranchPoints="0" visitedBranchPoints="0" sequenceCoverage="100" branchCoverage="100" maxCyclomaticComplexity="1" minCyclomaticComplexity="1" visitedClasses="0" numClasses="0" visitedMethods="1" numMethods="1" />
              <MetadataToken />
              <Name>Open.Range`1&lt;Open.Boundary`1&lt;T&gt;&gt; Open.Range::Between(T,T)</Name>
              <FileRef uid="3" />
              <SequencePoints>
                <SequencePoint vc="8" uspid="108" ordinal="0" sl="108" sc="1" el="108" ec="2" bec="0" bev="0" fileid="3" />
              </SequencePoints>
              <BranchPoints />
              <MethodPoint vc="1" uspid="0" p8:type="SequencePoint" ordinal="3" offset="3" sc="0" sl="108" ec="1" el="108" bec="0" bev="0" fileid="3" xmlns:p8="xsi" />
            </Method>
            <Method cyclomaticComplexity="1" nPathComplexity="1" sequenceCoverage="100" branchCoverage="100" isConstructor="False" isGetter="False" isSetter="False" isStatic="True">
              <Summary numSequencePoints="1" visitedSequencePoints="1" numBranchPoints="0" visitedBranchPoints="0" sequenceCoverage="100" branchCoverage="100" maxCyclomaticComplexity="1" minCyclomaticComplexity="1" visitedClasses="0" numClasses="0" visitedMethods="1" numMethods="1" />
              <MetadataToken />
              <Name>Open.Range`1&lt;Open.Boundary`1&lt;T&gt;&gt; Open.Range::Include(T,T)</Name>
              <FileRef uid="3" />
              <SequencePoints>
                <SequencePoint vc="6" uspid="117" ordinal="0" sl="117" sc="1" el="117" ec="2" bec="0" bev="0" fileid="3" />
              </SequencePoints>
              <BranchPoints />
              <MethodPoint vc="1" uspid="0" p8:type="SequencePoint" ordinal="4" offset="4" sc="0" sl="117" ec="1" el="117" bec="0" bev="0" fileid="3" xmlns:p8="xsi" />
            </Method>
            <Method cyclomaticComplexity="1" nPathComplexity="1" sequenceCoverage="100" branchCoverage="100" isConstructor="False" isGetter="False" isSetter="False" isStatic="True">
              <Summary numSequencePoints="1" visitedSequencePoints="1" numBranchPoints="0" visitedBranchPoints="0" sequenceCoverage="100" branchCoverage="100" maxCyclomaticComplexity="1" minCyclomaticComplexity="1" visitedClasses="0" numClasses="0" visitedMethods="1" numMethods="1" />
              <MetadataToken />
              <Name>Open.RangeWithValue`2&lt;T,TValue&gt; Open.Range::WithValue(T,T,TValue)</Name>
              <FileRef uid="3" />
              <SequencePoints>
                <SequencePoint vc="6" uspid="124" ordinal="0" sl="124" sc="1" el="124" ec="2" bec="0" bev="0" fileid="3" />
              </SequencePoints>
              <BranchPoints />
              <MethodPoint vc="1" uspid="0" p8:type="SequencePoint" ordinal="5" offset="5" sc="0" sl="124" ec="1" el="124" bec="0" bev="0" fileid="3" xmlns:p8="xsi" />
            </Method>
            <Method cyclomaticComplexity="10" nPathComplexity="10" sequenceCoverage="100" branchCoverage="100" isConstructor="False" isGetter="False" isSetter="False" isStatic="True">
              <Summary numSequencePoints="11" visitedSequencePoints="11" numBranchPoints="10" visitedBranchPoints="10" sequenceCoverage="100" branchCoverage="100" maxCyclomaticComplexity="10" minCyclomaticComplexity="10" visitedClasses="0" numClasses="0" visitedMethods="1" numMethods="1" />
              <MetadataToken />
              <Name>System.Boolean Open.Range::IsValid(T,T)</Name>
              <FileRef uid="3" />
              <SequencePoints>
                <SequencePoint vc="147" uspid="131" ordinal="0" sl="131" sc="1" el="131" ec="2" bec="0" bev="0" fileid="3" />
                <SequencePoint vc="147" uspid="132" ordinal="1" sl="132" sc="1" el="132" ec="2" bec="6" bev="6" fileid="3" />
                <SequencePoint vc="4" uspid="133" ordinal="2" sl="133" sc="1" el="133" ec="2" bec="0" bev="0" fileid="3" />
                <SequencePoint vc="143" uspid="135" ordinal="3" sl="135" sc="1" el="135" ec="2" bec="4" bev="4" fileid="3" />
                <SequencePoint vc="15" uspid="136" ordinal="4" sl="136" sc="1" el="136" ec="2" bec="0" bev="0" fileid="3" />
                <SequencePoint vc="128" uspid="139" ordinal="5" sl="139" sc="1" el="139" ec="2" bec="0" bev="0" fileid="3" />
                <SequencePoint vc="128" uspid="140" ordinal="6" sl="140" sc="1" el="140" ec="2" bec="0" bev="0" fileid="3" />
                <SequencePoint vc="3" uspid="143" ordinal="7" sl="143" sc="1" el="143" ec="2" bec="0" bev="0" fileid="3" />
                <SequencePoint vc="3" uspid="144" ordinal="8" sl="144" sc="1" el="144" ec="2" bec="0" bev="0" fileid="3" />
                <SequencePoint vc="3" uspid="145" ordinal="9" sl="145" sc="1" el="145" ec="2" bec="0" bev="0" fileid="3" />
                <SequencePoint vc="144" uspid="147" ordinal="10" sl="147" sc="1" el="147" ec="2" bec="0" bev="0" fileid="3" />
              </SequencePoints>
              <BranchPoints>
                <BranchPoint vc="21" uspid="132" ordinal="0" path="0" offset="6" offsetend="8" sl="132" fileid="3" />
                <BranchPoint vc="19" uspid="132" ordinal="2" path="0" offset="14" offsetend="16" sl="132" fileid="3" />
                <BranchPoint vc="2" uspid="132" ordinal="3" path="1" offset="14" offsetend="24" sl="132" fileid="3" />
                <BranchPoint vc="126" uspid="132" ordinal="1" path="1" offset="6" offsetend="27" sl="132" fileid="3" />
                <BranchPoint vc="4" uspid="132" ordinal="4" path="0" offset="30" offsetend="32" sl="132" fileid="3" />
                <BranchPoint vc="143" uspid="132" ordinal="5" path="1" offset="30" offsetend="36" sl="132" fileid="3" />
                <BranchPoint vc="116" uspid="135" ordinal="6" path="0" offset="49" offsetend="51" sl="135" fileid="3" />
                <BranchPoint vc="27" uspid="135" ordinal="7" path="1" offset="49" offsetend="68" sl="135" fileid="3" />
                <BranchPoint vc="15" uspid="135" ordinal="8" path="0" offset="71" offsetend="73" sl="135" fileid="3" />
                <BranchPoint vc="128" uspid="135" ordinal="9" path="1" offset="71" offsetend="77" sl="135" fileid="3" />
              </BranchPoints>
              <MethodPoint vc="11" uspid="0" p8:type="SequencePoint" ordinal="6" offset="6" sc="0" sl="131" ec="1" el="147" bec="0" bev="0" fileid="3" xmlns:p8="xsi" />
            </Method>
            <Method cyclomaticComplexity="2" nPathComplexity="2" sequenceCoverage="100" branchCoverage="100" isConstructor="False" isGetter="False" isSetter="False" isStatic="True">
              <Summary numSequencePoints="2" visitedSequencePoints="2" numBranchPoints="2" visitedBranchPoints="2" sequenceCoverage="100" branchCoverage="100" maxCyclomaticComplexity="2" minCyclomaticComplexity="2" visitedClasses="0" numClasses="0" visitedMethods="1" numMethods="1" />
              <MetadataToken />
              <Name>System.Boolean Open.Range::AssertIsValid(T,T)</Name>
              <FileRef uid="3" />
              <SequencePoints>
                <SequencePoint vc="109" uspid="156" ordinal="0" sl="156" sc="1" el="156" ec="2" bec="2" bev="2" fileid="3" />
                <SequencePoint vc="109" uspid="157" ordinal="1" sl="157" sc="1" el="157" ec="2" bec="0" bev="0" fileid="3" />
              </SequencePoints>
              <BranchPoints>
                <BranchPoint vc="12" uspid="156" ordinal="0" path="0" offset="7" offsetend="9" sl="156" fileid="3" />
                <BranchPoint vc="97" uspid="156" ordinal="1" path="1" offset="7" offsetend="37" sl="156" fileid="3" />
              </BranchPoints>
              <MethodPoint vc="2" uspid="0" p8:type="SequencePoint" ordinal="7" offset="7" sc="0" sl="156" ec="1" el="157" bec="0" bev="0" fileid="3" xmlns:p8="xsi" />
            </Method>
          </Methods>
        </Class>
        <Class>
          <Summary numSequencePoints="73" visitedSequencePoints="20" numBranchPoints="80" visitedBranchPoints="26" sequenceCoverage="27.39" branchCoverage="32.5" maxCyclomaticComplexity="38" minCyclomaticComplexity="1" visitedClasses="1" numClasses="1" visitedMethods="2" numMethods="6" />
          <FullName>Open.RangeExtensions</FullName>
          <Methods>
            <Method cyclomaticComplexity="16" nPathComplexity="16" sequenceCoverage="0" branchCoverage="0" isConstructor="False" isGetter="False" isSetter="False" isStatic="True">
              <Summary numSequencePoints="16" visitedSequencePoints="0" numBranchPoints="16" visitedBranchPoints="0" sequenceCoverage="0" branchCoverage="0" maxCyclomaticComplexity="16" minCyclomaticComplexity="16" visitedClasses="0" numClasses="0" visitedMethods="0" numMethods="1" />
              <MetadataToken />
              <Name>Open.Range`1&lt;T&gt; Open.RangeExtensions::Expand(Open.Range`1&lt;T&gt;,T)</Name>
              <FileRef uid="4" />
              <SequencePoints>
                <SequencePoint vc="0" uspid="17" ordinal="0" sl="17" sc="1" el="17" ec="2" bec="0" bev="0" fileid="4" />
                <SequencePoint vc="0" uspid="18" ordinal="1" sl="18" sc="1" el="18" ec="2" bec="0" bev="0" fileid="4" />
                <SequencePoint vc="0" uspid="19" ordinal="2" sl="19" sc="1" el="19" ec="2" bec="0" bev="0" fileid="4" />
                <SequencePoint vc="0" uspid="20" ordinal="3" sl="20" sc="1" el="20" ec="2" bec="6" bev="0" fileid="4" />
                <SequencePoint vc="0" uspid="21" ordinal="4" sl="21" sc="1" el="21" ec="2" bec="0" bev="0" fileid="4" />
                <SequencePoint vc="0" uspid="23" ordinal="5" sl="23" sc="1" el="23" ec="2" bec="0" bev="0" fileid="4" />
                <SequencePoint vc="0" uspid="24" ordinal="6" sl="24" sc="1" el="24" ec="2" bec="0" bev="0" fileid="4" />
                <SequencePoint vc="0" uspid="25" ordinal="7" sl="25" sc="1" el="25" ec="2" bec="4" bev="0" fileid="4" />
                <SequencePoint vc="0" uspid="26" ordinal="8" sl="26" sc="1" el="26" ec="2" bec="0" bev="0" fileid="4" />
                <SequencePoint vc="0" uspid="28" ordinal="9" sl="28" sc="1" el="28" ec="2" bec="0" bev="0" fileid="4" />
                <SequencePoint vc="0" uspid="29" ordinal="10" sl="29" sc="1" el="29" ec="2" bec="0" bev="0" fileid="4" />
                <SequencePoint vc="0" uspid="30" ordinal="11" sl="30" sc="1" el="30" ec="2" bec="0" bev="0" fileid="4" />
                <SequencePoint vc="0" uspid="31" ordinal="12" sl="31" sc="1" el="31" ec="2" bec="6" bev="0" fileid="4" />
                <SequencePoint vc="0" uspid="32" ordinal="13" sl="32" sc="1" el="32" ec="2" bec="0" bev="0" fileid="4" />
                <SequencePoint vc="0" uspid="33" ordinal="14" sl="33" sc="1" el="33" ec="2" bec="0" bev="0" fileid="4" />
                <SequencePoint vc="0" uspid="34" ordinal="15" sl="34" sc="1" el="34" ec="2" bec="0" bev="0" fileid="4" />
              </SequencePoints>
              <BranchPoints>
                <BranchPoint vc="0" uspid="20" ordinal="0" path="0" offset="41" offsetend="43" sl="20" fileid="4" />
                <BranchPoint vc="0" uspid="20" ordinal="2" path="0" offset="56" offsetend="58" sl="20" fileid="4" />
                <BranchPoint vc="0" uspid="20" ordinal="3" path="1" offset="56" offsetend="76" sl="20" fileid="4" />
                <BranchPoint vc="0" uspid="20" ordinal="1" path="1" offset="41" offsetend="79" sl="20" fileid="4" />
                <BranchPoint vc="0" uspid="20" ordinal="4" path="0" offset="84" offsetend="86" sl="20" fileid="4" />
                <BranchPoint vc="0" uspid="20" ordinal="5" path="1" offset="84" offsetend="91" sl="20" fileid="4" />
                <BranchPoint vc="0" uspid="25" ordinal="6" path="0" offset="125" offsetend="127" sl="25" fileid="4" />
                <BranchPoint vc="0" uspid="25" ordinal="7" path="1" offset="125" offsetend="134" sl="25" fileid="4" />
                <BranchPoint vc="0" uspid="25" ordinal="8" path="0" offset="139" offsetend="141" sl="25" fileid="4" />
                <BranchPoint vc="0" uspid="25" ordinal="9" path="1" offset="139" offsetend="146" sl="25" fileid="4" />
                <BranchPoint vc="0" uspid="31" ordinal="10" path="0" offset="181" offsetend="183" sl="31" fileid="4" />
                <BranchPoint vc="0" uspid="31" ordinal="11" path="1" offset="181" offsetend="186" sl="31" fileid="4" />
                <BranchPoint vc="0" uspid="31" ordinal="12" path="0" offset="188" offsetend="190" sl="31" fileid="4" />
                <BranchPoint vc="0" uspid="31" ordinal="13" path="1" offset="188" offsetend="193" sl="31" fileid="4" />
                <BranchPoint vc="0" uspid="31" ordinal="14" path="0" offset="196" offsetend="198" sl="31" fileid="4" />
                <BranchPoint vc="0" uspid="31" ordinal="15" path="1" offset="196" offsetend="201" sl="31" fileid="4" />
              </BranchPoints>
              <MethodPoint vc="0" uspid="0" p8:type="SequencePoint" ordinal="0" offset="0" sc="0" sl="17" ec="1" el="34" bec="0" bev="0" fileid="4" xmlns:p8="xsi" />
            </Method>
            <Method cyclomaticComplexity="24" nPathComplexity="24" sequenceCoverage="0" branchCoverage="0" isConstructor="False" isGetter="False" isSetter="False" isStatic="True">
              <Summary numSequencePoints="24" visitedSequencePoints="0" numBranchPoints="24" visitedBranchPoints="0" sequenceCoverage="0" branchCoverage="0" maxCyclomaticComplexity="24" minCyclomaticComplexity="24" visitedClasses="0" numClasses="0" visitedMethods="0" numMethods="1" />
              <MetadataToken />
              <Name>Open.RangeWithValue`2&lt;T,TValue&gt; Open.RangeExtensions::Expand(Open.RangeWithValue`2&lt;T,TValue&gt;,T)</Name>
              <FileRef uid="4" />
              <SequencePoints>
                <SequencePoint vc="0" uspid="40" ordinal="0" sl="40" sc="1" el="40" ec="2" bec="0" bev="0" fileid="4" />
                <SequencePoint vc="0" uspid="41" ordinal="1" sl="41" sc="1" el="41" ec="2" bec="0" bev="0" fileid="4" />
                <SequencePoint vc="0" uspid="42" ordinal="2" sl="42" sc="1" el="42" ec="2" bec="4" bev="0" fileid="4" />
                <SequencePoint vc="0" uspid="44" ordinal="3" sl="44" sc="1" el="44" ec="2" bec="0" bev="0" fileid="4" />
                <SequencePoint vc="0" uspid="45" ordinal="4" sl="45" sc="1" el="45" ec="2" bec="0" bev="0" fileid="4" />
                <SequencePoint vc="0" uspid="46" ordinal="5" sl="46" sc="1" el="46" ec="2" bec="0" bev="0" fileid="4" />
                <SequencePoint vc="0" uspid="47" ordinal="6" sl="47" sc="1" el="47" ec="2" bec="0" bev="0" fileid="4" />
                <SequencePoint vc="0" uspid="48" ordinal="7" sl="48" sc="1" el="48" ec="2" bec="0" bev="0" fileid="4" />
                <SequencePoint vc="0" uspid="49" ordinal="8" sl="49" sc="1" el="49" ec="2" bec="0" bev="0" fileid="4" />
                <SequencePoint vc="0" uspid="50" ordinal="9" sl="50" sc="1" el="50" ec="2" bec="0" bev="0" fileid="4" />
                <SequencePoint vc="0" uspid="51" ordinal="10" sl="51" sc="1" el="51" ec="2" bec="2" bev="0" fileid="4" />
                <SequencePoint vc="0" uspid="52" ordinal="11" sl="52" sc="1" el="52" ec="2" bec="2" bev="0" fileid="4" />
                <SequencePoint vc="0" uspid="53" ordinal="12" sl="53" sc="1" el="53" ec="2" bec="0" bev="0" fileid="4" />
                <SequencePoint vc="0" uspid="54" ordinal="13" sl="54" sc="1" el="54" ec="2" bec="2" bev="0" fileid="4" />
                <SequencePoint vc="0" uspid="55" ordinal="14" sl="55" sc="1" el="55" ec="2" bec="0" bev="0" fileid="4" />
                <SequencePoint vc="0" uspid="57" ordinal="15" sl="57" sc="1" el="57" ec="2" bec="2" bev="0" fileid="4" />
                <SequencePoint vc="0" uspid="58" ordinal="16" sl="58" sc="1" el="58" ec="2" bec="0" bev="0" fileid="4" />
                <SequencePoint vc="0" uspid="59" ordinal="17" sl="59" sc="1" el="59" ec="2" bec="0" bev="0" fileid="4" />
                <SequencePoint vc="0" uspid="61" ordinal="18" sl="61" sc="1" el="61" ec="2" bec="2" bev="0" fileid="4" />
                <SequencePoint vc="0" uspid="62" ordinal="19" sl="62" sc="1" el="62" ec="2" bec="4" bev="0" fileid="4" />
                <SequencePoint vc="0" uspid="63" ordinal="20" sl="63" sc="1" el="63" ec="2" bec="6" bev="0" fileid="4" />
                <SequencePoint vc="0" uspid="64" ordinal="21" sl="64" sc="1" el="64" ec="2" bec="0" bev="0" fileid="4" />
                <SequencePoint vc="0" uspid="65" ordinal="22" sl="65" sc="1" el="65" ec="2" bec="0" bev="0" fileid="4" />
                <SequencePoint vc="0" uspid="66" ordinal="23" sl="66" sc="1" el="66" ec="2" bec="0" bev="0" fileid="4" />
              </SequencePoints>
              <BranchPoints>
                <BranchPoint vc="0" uspid="42" ordinal="0" path="0" offset="8" offsetend="10" sl="42" fileid="4" />
                <BranchPoint vc="0" uspid="42" ordinal="1" path="1" offset="8" offsetend="18" sl="42" fileid="4" />
                <BranchPoint vc="0" uspid="42" ordinal="2" path="0" offset="23" offsetend="25" sl="42" fileid="4" />
                <BranchPoint vc="0" uspid="42" ordinal="3" path="1" offset="23" offsetend="33" sl="42" fileid="4" />
                <BranchPoint vc="0" uspid="51" ordinal="4" path="0" offset="105" offsetend="107" sl="51" fileid="4" />
                <BranchPoint vc="0" uspid="51" ordinal="5" path="1" offset="105" offsetend="115" sl="51" fileid="4" />
                <BranchPoint vc="0" uspid="52" ordinal="6" path="0" offset="127" offsetend="129" sl="52" fileid="4" />
                <BranchPoint vc="0" uspid="54" ordinal="8" path="0" offset="136" offsetend="138" sl="54" fileid="4" />
                <BranchPoint vc="0" uspid="54" ordinal="9" path="1" offset="136" offsetend="156" sl="54" fileid="4" />
                <BranchPoint vc="0" uspid="57" ordinal="10" path="0" offset="165" offsetend="167" sl="57" fileid="4" />
                <BranchPoint vc="0" uspid="57" ordinal="11" path="1" offset="165" offsetend="172" sl="57" fileid="4" />
                <BranchPoint vc="0" uspid="52" ordinal="7" path="1" offset="127" offsetend="173" sl="52" fileid="4" />
                <BranchPoint vc="0" uspid="61" ordinal="12" path="0" offset="175" offsetend="177" sl="61" fileid="4" />
                <BranchPoint vc="0" uspid="61" ordinal="13" path="1" offset="175" offsetend="184" sl="61" fileid="4" />
                <BranchPoint vc="0" uspid="62" ordinal="14" path="0" offset="190" offsetend="192" sl="62" fileid="4" />
                <BranchPoint vc="0" uspid="62" ordinal="16" path="0" offset="193" offsetend="195" sl="62" fileid="4" />
                <BranchPoint vc="0" uspid="62" ordinal="17" path="1" offset="193" offsetend="204" sl="62" fileid="4" />
                <BranchPoint vc="0" uspid="62" ordinal="15" path="1" offset="190" offsetend="207" sl="62" fileid="4" />
                <BranchPoint vc="0" uspid="63" ordinal="18" path="0" offset="215" offsetend="217" sl="63" fileid="4" />
                <BranchPoint vc="0" uspid="63" ordinal="19" path="1" offset="215" offsetend="220" sl="63" fileid="4" />
                <BranchPoint vc="0" uspid="63" ordinal="20" path="0" offset="222" offsetend="224" sl="63" fileid="4" />
                <BranchPoint vc="0" uspid="63" ordinal="21" path="1" offset="222" offsetend="227" sl="63" fileid="4" />
                <BranchPoint vc="0" uspid="63" ordinal="22" path="0" offset="230" offsetend="232" sl="63" fileid="4" />
                <BranchPoint vc="0" uspid="63" ordinal="23" path="1" offset="230" offsetend="235" sl="63" fileid="4" />
              </BranchPoints>
              <MethodPoint vc="0" uspid="0" p8:type="SequencePoint" ordinal="1" offset="1" sc="0" sl="40" ec="1" el="66" bec="0" bev="0" fileid="4" xmlns:p8="xsi" />
            </Method>
            <Method cyclomaticComplexity="38" nPathComplexity="38" sequenceCoverage="63.33" branchCoverage="63.15" isConstructor="False" isGetter="False" isSetter="False" isStatic="True">
              <Summary numSequencePoints="30" visitedSequencePoints="19" numBranchPoints="38" visitedBranchPoints="24" sequenceCoverage="63.33" branchCoverage="63.15" maxCyclomaticComplexity="38" minCyclomaticComplexity="38" visitedClasses="0" numClasses="0" visitedMethods="1" numMethods="1" />
              <MetadataToken />
              <Name>Open.Range`1&lt;Open.Boundary`1&lt;T&gt;&gt; Open.RangeExtensions::Expand(Open.Range`1&lt;Open.Boundary`1&lt;T&gt;&gt;,Open.Boundary`1&lt;T&gt;)</Name>
              <FileRef uid="4" />
              <SequencePoints>
                <SequencePoint vc="6" uspid="72" ordinal="0" sl="72" sc="1" el="72" ec="2" bec="0" bev="0" fileid="4" />
                <SequencePoint vc="6" uspid="73" ordinal="1" sl="73" sc="1" el="73" ec="2" bec="0" bev="0" fileid="4" />
                <SequencePoint vc="6" uspid="74" ordinal="2" sl="74" sc="1" el="74" ec="2" bec="0" bev="0" fileid="4" />
                <SequencePoint vc="6" uspid="75" ordinal="3" sl="75" sc="1" el="75" ec="2" bec="4" bev="3" fileid="4" />
                <SequencePoint vc="6" uspid="77" ordinal="4" sl="77" sc="1" el="77" ec="2" bec="0" bev="0" fileid="4" />
                <SequencePoint vc="6" uspid="78" ordinal="5" sl="78" sc="1" el="78" ec="2" bec="0" bev="0" fileid="4" />
                <SequencePoint vc="6" uspid="79" ordinal="6" sl="79" sc="1" el="79" ec="2" bec="0" bev="0" fileid="4" />
                <SequencePoint vc="6" uspid="80" ordinal="7" sl="80" sc="1" el="80" ec="2" bec="0" bev="0" fileid="4" />
                <SequencePoint vc="6" uspid="81" ordinal="8" sl="81" sc="1" el="81" ec="2" bec="0" bev="0" fileid="4" />
                <SequencePoint vc="6" uspid="82" ordinal="9" sl="82" sc="1" el="82" ec="2" bec="0" bev="0" fileid="4" />
                <SequencePoint vc="6" uspid="83" ordinal="10" sl="83" sc="1" el="83" ec="2" bec="0" bev="0" fileid="4" />
                <SequencePoint vc="6" uspid="84" ordinal="11" sl="84" sc="1" el="84" ec="2" bec="2" bev="2" fileid="4" />
                <SequencePoint vc="6" uspid="85" ordinal="12" sl="85" sc="1" el="85" ec="2" bec="2" bev="1" fileid="4" />
                <SequencePoint vc="0" uspid="86" ordinal="13" sl="86" sc="1" el="86" ec="2" bec="0" bev="0" fileid="4" />
                <SequencePoint vc="0" uspid="87" ordinal="14" sl="87" sc="1" el="87" ec="2" bec="2" bev="0" fileid="4" />
                <SequencePoint vc="0" uspid="88" ordinal="15" sl="88" sc="1" el="88" ec="2" bec="0" bev="0" fileid="4" />
                <SequencePoint vc="0" uspid="89" ordinal="16" sl="89" sc="1" el="89" ec="2" bec="0" bev="0" fileid="4" />
                <SequencePoint vc="0" uspid="92" ordinal="17" sl="92" sc="1" el="92" ec="2" bec="2" bev="0" fileid="4" />
                <SequencePoint vc="0" uspid="93" ordinal="18" sl="93" sc="1" el="93" ec="2" bec="0" bev="0" fileid="4" />
                <SequencePoint vc="0" uspid="94" ordinal="19" sl="94" sc="1" el="94" ec="2" bec="6" bev="0" fileid="4" />
                <SequencePoint vc="0" uspid="95" ordinal="20" sl="95" sc="1" el="95" ec="2" bec="0" bev="0" fileid="4" />
                <SequencePoint vc="0" uspid="96" ordinal="21" sl="96" sc="1" el="96" ec="2" bec="0" bev="0" fileid="4" />
                <SequencePoint vc="0" uspid="97" ordinal="22" sl="97" sc="1" el="97" ec="2" bec="0" bev="0" fileid="4" />
                <SequencePoint vc="0" uspid="99" ordinal="23" sl="99" sc="1" el="99" ec="2" bec="0" bev="0" fileid="4" />
                <SequencePoint vc="6" uspid="101" ordinal="24" sl="101" sc="1" el="101" ec="2" bec="6" bev="5" fileid="4" />
                <SequencePoint vc="6" uspid="102" ordinal="25" sl="102" sc="1" el="102" ec="2" bec="8" bev="7" fileid="4" />
                <SequencePoint vc="6" uspid="103" ordinal="26" sl="103" sc="1" el="103" ec="2" bec="6" bev="6" fileid="4" />
                <SequencePoint vc="6" uspid="104" ordinal="27" sl="104" sc="1" el="104" ec="2" bec="0" bev="0" fileid="4" />
                <SequencePoint vc="6" uspid="105" ordinal="28" sl="105" sc="1" el="105" ec="2" bec="0" bev="0" fileid="4" />
                <SequencePoint vc="6" uspid="106" ordinal="29" sl="106" sc="1" el="106" ec="2" bec="0" bev="0" fileid="4" />
              </SequencePoints>
              <BranchPoints>
                <BranchPoint vc="2" uspid="75" ordinal="0" path="0" offset="16" offsetend="18" sl="75" fileid="4" />
                <BranchPoint vc="4" uspid="75" ordinal="1" path="1" offset="16" offsetend="26" sl="75" fileid="4" />
                <BranchPoint vc="0" uspid="75" ordinal="2" path="0" offset="31" offsetend="33" sl="75" fileid="4" />
                <BranchPoint vc="6" uspid="75" ordinal="3" path="1" offset="31" offsetend="41" sl="75" fileid="4" />
                <BranchPoint vc="2" uspid="84" ordinal="4" path="0" offset="125" offsetend="127" sl="84" fileid="4" />
                <BranchPoint vc="4" uspid="84" ordinal="5" path="1" offset="125" offsetend="136" sl="84" fileid="4" />
                <BranchPoint vc="0" uspid="85" ordinal="6" path="0" offset="148" offsetend="150" sl="85" fileid="4" />
                <BranchPoint vc="0" uspid="87" ordinal="8" path="0" offset="157" offsetend="159" sl="87" fileid="4" />
                <BranchPoint vc="0" uspid="87" ordinal="9" path="1" offset="157" offsetend="174" sl="87" fileid="4" />
                <BranchPoint vc="0" uspid="92" ordinal="10" path="0" offset="183" offsetend="185" sl="92" fileid="4" />
                <BranchPoint vc="0" uspid="94" ordinal="12" path="0" offset="193" offsetend="195" sl="94" fileid="4" />
                <BranchPoint vc="0" uspid="94" ordinal="14" path="0" offset="211" offsetend="213" sl="94" fileid="4" />
                <BranchPoint vc="0" uspid="94" ordinal="15" path="1" offset="211" offsetend="231" sl="94" fileid="4" />
                <BranchPoint vc="0" uspid="94" ordinal="16" path="0" offset="229" offsetend="231" sl="94" fileid="4" />
                <BranchPoint vc="0" uspid="94" ordinal="13" path="1" offset="193" offsetend="240" sl="94" fileid="4" />
                <BranchPoint vc="0" uspid="94" ordinal="17" path="1" offset="229" offsetend="240" sl="94" fileid="4" />
                <BranchPoint vc="0" uspid="92" ordinal="11" path="1" offset="183" offsetend="245" sl="92" fileid="4" />
                <BranchPoint vc="6" uspid="85" ordinal="7" path="1" offset="148" offsetend="246" sl="85" fileid="4" />
                <BranchPoint vc="6" uspid="101" ordinal="18" path="0" offset="248" offsetend="250" sl="101" fileid="4" />
                <BranchPoint vc="4" uspid="101" ordinal="20" path="0" offset="253" offsetend="255" sl="101" fileid="4" />
                <BranchPoint vc="0" uspid="101" ordinal="22" path="0" offset="257" offsetend="259" sl="101" fileid="4" />
                <BranchPoint vc="4" uspid="101" ordinal="23" path="1" offset="257" offsetend="271" sl="101" fileid="4" />
                <BranchPoint vc="2" uspid="101" ordinal="19" path="1" offset="248" offsetend="274" sl="101" fileid="4" />
                <BranchPoint vc="2" uspid="101" ordinal="21" path="1" offset="253" offsetend="274" sl="101" fileid="4" />
                <BranchPoint vc="4" uspid="102" ordinal="24" path="0" offset="280" offsetend="282" sl="102" fileid="4" />
                <BranchPoint vc="0" uspid="102" ordinal="26" path="0" offset="284" offsetend="286" sl="102" fileid="4" />
                <BranchPoint vc="4" uspid="102" ordinal="27" path="1" offset="284" offsetend="295" sl="102" fileid="4" />
                <BranchPoint vc="4" uspid="102" ordinal="28" path="0" offset="293" offsetend="295" sl="102" fileid="4" />
                <BranchPoint vc="2" uspid="102" ordinal="30" path="0" offset="296" offsetend="298" sl="102" fileid="4" />
                <BranchPoint vc="2" uspid="102" ordinal="31" path="1" offset="296" offsetend="307" sl="102" fileid="4" />
                <BranchPoint vc="2" uspid="102" ordinal="25" path="1" offset="280" offsetend="310" sl="102" fileid="4" />
                <BranchPoint vc="2" uspid="102" ordinal="29" path="1" offset="293" offsetend="310" sl="102" fileid="4" />
                <BranchPoint vc="2" uspid="103" ordinal="32" path="0" offset="318" offsetend="320" sl="103" fileid="4" />
                <BranchPoint vc="4" uspid="103" ordinal="33" path="1" offset="318" offsetend="323" sl="103" fileid="4" />
                <BranchPoint vc="2" uspid="103" ordinal="34" path="0" offset="325" offsetend="327" sl="103" fileid="4" />
                <BranchPoint vc="2" uspid="103" ordinal="35" path="1" offset="325" offsetend="330" sl="103" fileid="4" />
                <BranchPoint vc="2" uspid="103" ordinal="36" path="0" offset="333" offsetend="335" sl="103" fileid="4" />
                <BranchPoint vc="2" uspid="103" ordinal="37" path="1" offset="333" offsetend="338" sl="103" fileid="4" />
              </BranchPoints>
              <MethodPoint vc="19" uspid="0" p8:type="SequencePoint" ordinal="2" offset="2" sc="0" sl="72" ec="1" el="106" bec="0" bev="0" fileid="4" xmlns:p8="xsi" />
            </Method>
            <Method cyclomaticComplexity="2" nPathComplexity="2" sequenceCoverage="100" branchCoverage="100" isConstructor="False" isGetter="False" isSetter="False" isStatic="True">
              <Summary numSequencePoints="1" visitedSequencePoints="1" numBranchPoints="2" visitedBranchPoints="2" sequenceCoverage="100" branchCoverage="100" maxCyclomaticComplexity="2" minCyclomaticComplexity="2" visitedClasses="0" numClasses="0" visitedMethods="1" numMethods="1" />
              <MetadataToken />
              <Name>Open.Range`1&lt;Open.Boundary`1&lt;T&gt;&gt; Open.RangeExtensions::Expand(Open.Range`1&lt;Open.Boundary`1&lt;T&gt;&gt;,T,System.Boolean)</Name>
              <FileRef uid="4" />
              <SequencePoints>
                <SequencePoint vc="10" uspid="113" ordinal="0" sl="113" sc="1" el="113" ec="2" bec="2" bev="2" fileid="4" />
              </SequencePoints>
              <BranchPoints>
                <BranchPoint vc="6" uspid="113" ordinal="0" path="0" offset="6" offsetend="8" sl="113" fileid="4" />
                <BranchPoint vc="4" uspid="113" ordinal="1" path="1" offset="6" offsetend="23" sl="113" fileid="4" />
              </BranchPoints>
              <MethodPoint vc="1" uspid="0" p8:type="SequencePoint" ordinal="3" offset="3" sc="0" sl="113" ec="1" el="113" bec="0" bev="0" fileid="4" xmlns:p8="xsi" />
            </Method>
            <Method cyclomaticComplexity="1" nPathComplexity="1" sequenceCoverage="0" branchCoverage="100" isConstructor="False" isGetter="False" isSetter="False" isStatic="True">
              <Summary numSequencePoints="1" visitedSequencePoints="0" numBranchPoints="0" visitedBranchPoints="0" sequenceCoverage="0" branchCoverage="100" maxCyclomaticComplexity="1" minCyclomaticComplexity="1" visitedClasses="0" numClasses="0" visitedMethods="0" numMethods="1" />
              <MetadataToken />
              <Name>Open.Range`1&lt;T&gt; Open.RangeExtensions::Combine(Open.Range`1&lt;T&gt;,Open.Range`1&lt;T&gt;)</Name>
              <FileRef uid="4" />
              <SequencePoints>
                <SequencePoint vc="0" uspid="121" ordinal="0" sl="121" sc="1" el="121" ec="2" bec="0" bev="0" fileid="4" />
              </SequencePoints>
              <BranchPoints />
              <MethodPoint vc="0" uspid="0" p8:type="SequencePoint" ordinal="4" offset="4" sc="0" sl="121" ec="1" el="121" bec="0" bev="0" fileid="4" xmlns:p8="xsi" />
            </Method>
            <Method cyclomaticComplexity="1" nPathComplexity="1" sequenceCoverage="0" branchCoverage="100" isConstructor="False" isGetter="False" isSetter="False" isStatic="True">
              <Summary numSequencePoints="1" visitedSequencePoints="0" numBranchPoints="0" visitedBranchPoints="0" sequenceCoverage="0" branchCoverage="100" maxCyclomaticComplexity="1" minCyclomaticComplexity="1" visitedClasses="0" numClasses="0" visitedMethods="0" numMethods="1" />
              <MetadataToken />
              <Name>Open.Range`1&lt;Open.Boundary`1&lt;T&gt;&gt; Open.RangeExtensions::Combine(Open.Range`1&lt;Open.Boundary`1&lt;T&gt;&gt;,Open.Range`1&lt;Open.Boundary`1&lt;T&gt;&gt;)</Name>
              <FileRef uid="4" />
              <SequencePoints>
                <SequencePoint vc="0" uspid="127" ordinal="0" sl="127" sc="1" el="127" ec="2" bec="0" bev="0" fileid="4" />
              </SequencePoints>
              <BranchPoints />
              <MethodPoint vc="0" uspid="0" p8:type="SequencePoint" ordinal="5" offset="5" sc="0" sl="127" ec="1" el="127" bec="0" bev="0" fileid="4" xmlns:p8="xsi" />
            </Method>
          </Methods>
        </Class>
        <Class>
          <Summary numSequencePoints="6" visitedSequencePoints="3" numBranchPoints="4" visitedBranchPoints="1" sequenceCoverage="50" branchCoverage="25" maxCyclomaticComplexity="2" minCyclomaticComplexity="2" visitedClasses="1" numClasses="1" visitedMethods="1" numMethods="2" />
          <FullName>Open.RangeExtensions</FullName>
          <Methods>
            <Method cyclomaticComplexity="2" nPathComplexity="2" sequenceCoverage="0" branchCoverage="0" isConstructor="False" isGetter="False" isSetter="False" isStatic="True">
              <Summary numSequencePoints="3" visitedSequencePoints="0" numBranchPoints="2" visitedBranchPoints="0" sequenceCoverage="0" branchCoverage="0" maxCyclomaticComplexity="2" minCyclomaticComplexity="2" visitedClasses="0" numClasses="0" visitedMethods="0" numMethods="1" />
              <MetadataToken />
              <Name>System.Boolean Open.RangeExtensions::IsValidRange(Open.IRange`1&lt;T&gt;)</Name>
              <FileRef uid="5" />
              <SequencePoints>
                <SequencePoint vc="0" uspid="11" ordinal="0" sl="11" sc="1" el="11" ec="2" bec="2" bev="0" fileid="5" />
                <SequencePoint vc="0" uspid="12" ordinal="1" sl="12" sc="1" el="12" ec="2" bec="0" bev="0" fileid="5" />
                <SequencePoint vc="0" uspid="13" ordinal="2" sl="13" sc="1" el="13" ec="2" bec="0" bev="0" fileid="5" />
              </SequencePoints>
              <BranchPoints>
                <BranchPoint vc="0" uspid="11" ordinal="0" path="0" offset="1" offsetend="3" sl="11" fileid="5" />
                <BranchPoint vc="0" uspid="11" ordinal="1" path="1" offset="1" offsetend="22" sl="11" fileid="5" />
              </BranchPoints>
              <MethodPoint vc="0" uspid="0" p8:type="SequencePoint" ordinal="0" offset="0" sc="0" sl="11" ec="1" el="13" bec="0" bev="0" fileid="5" xmlns:p8="xsi" />
            </Method>
            <Method cyclomaticComplexity="2" nPathComplexity="2" sequenceCoverage="100" branchCoverage="50" isConstructor="False" isGetter="False" isSetter="False" isStatic="True">
              <Summary numSequencePoints="3" visitedSequencePoints="3" numBranchPoints="2" visitedBranchPoints="1" sequenceCoverage="100" branchCoverage="50" maxCyclomaticComplexity="2" minCyclomaticComplexity="2" visitedClasses="0" numClasses="0" visitedMethods="1" numMethods="1" />
              <MetadataToken />
              <Name>System.Boolean Open.RangeExtensions::AssertIsValidRange(Open.IRange`1&lt;T&gt;)</Name>
              <FileRef uid="5" />
              <SequencePoints>
[...]
                <SequencePoint vc="0" uspid="92" ordinal="2" sl="92" sc="1" el="92" ec="2" bec="0" bev="0" fileid="9" />
              </SequencePoints>
              <BranchPoints />
              <MethodPoint vc="0" uspid="0" p8:type="SequencePoint" ordinal="0" offset="0" sc="0" sl="90" ec="1" el="92" bec="0" bev="0" fileid="9" xmlns:p8="xsi" />
            </Method>
          </Methods>
        </Class>
        <Class>
          <Summary numSequencePoints="27" visitedSequencePoints="11" numBranchPoints="8" visitedBranchPoints="2" sequenceCoverage="40.74" branchCoverage="25" maxCyclomaticComplexity="4" minCyclomaticComplexity="1" visitedClasses="1" numClasses="1" visitedMethods="5" numMethods="12" />
          <FullName>Open.RangeWithValue`2</FullName>
          <Methods>
            <Method cyclomaticComplexity="1" nPathComplexity="1" sequenceCoverage="100" branchCoverage="100" isConstructor="False" isGetter="True" isSetter="False" isStatic="True">
              <Summary numSequencePoints="1" visitedSequencePoints="1" numBranchPoints="0" visitedBranchPoints="0" sequenceCoverage="100" branchCoverage="100" maxCyclomaticComplexity="1" minCyclomaticComplexity="1" visitedClasses="0" numClasses="0" visitedMethods="1" numMethods="1" />
              <MetadataToken />
              <Name>T Open.RangeWithValue`2::get_Low()</Name>
              <FileRef uid="10" />
              <SequencePoints>
                <SequencePoint vc="6" uspid="31" ordinal="0" sl="31" sc="1" el="31" ec="2" bec="0" bev="0" fileid="10" />
              </SequencePoints>
              <BranchPoints />
              <MethodPoint vc="1" uspid="0" p8:type="SequencePoint" ordinal="0" offset="0" sc="0" sl="31" ec="1" el="31" bec="0" bev="0" fileid="10" xmlns:p8="xsi" />
            </Method>
            <Method cyclomaticComplexity="1" nPathComplexity="1" sequenceCoverage="100" branchCoverage="100" isConstructor="False" isGetter="True" isSetter="False" isStatic="True">
              <Summary numSequencePoints="1" visitedSequencePoints="1" numBranchPoints="0" visitedBranchPoints="0" sequenceCoverage="100" branchCoverage="100" maxCyclomaticComplexity="1" minCyclomaticComplexity="1" visitedClasses="0" numClasses="0" visitedMethods="1" numMethods="1" />
              <MetadataToken />
              <Name>T Open.RangeWithValue`2::get_High()</Name>
              <FileRef uid="10" />
              <SequencePoints>
                <SequencePoint vc="6" uspid="34" ordinal="0" sl="34" sc="1" el="34" ec="2" bec="0" bev="0" fileid="10" />
              </SequencePoints>
              <BranchPoints />
              <MethodPoint vc="1" uspid="0" p8:type="SequencePoint" ordinal="1" offset="1" sc="0" sl="34" ec="1" el="34" bec="0" bev="0" fileid="10" xmlns:p8="xsi" />
            </Method>
            <Method cyclomaticComplexity="1" nPathComplexity="1" sequenceCoverage="100" branchCoverage="100" isConstructor="False" isGetter="True" isSetter="False" isStatic="True">
              <Summary numSequencePoints="1" visitedSequencePoints="1" numBranchPoints="0" visitedBranchPoints="0" sequenceCoverage="100" branchCoverage="100" maxCyclomaticComplexity="1" minCyclomaticComplexity="1" visitedClasses="0" numClasses="0" visitedMethods="1" numMethods="1" />
              <MetadataToken />
              <Name>TValue Open.RangeWithValue`2::get_Value()</Name>
              <FileRef uid="10" />
              <SequencePoints>
                <SequencePoint vc="6" uspid="37" ordinal="0" sl="37" sc="1" el="37" ec="2" bec="0" bev="0" fileid="10" />
              </SequencePoints>
              <BranchPoints />
              <MethodPoint vc="1" uspid="0" p8:type="SequencePoint" ordinal="2" offset="2" sc="0" sl="37" ec="1" el="37" bec="0" bev="0" fileid="10" xmlns:p8="xsi" />
            </Method>
            <Method cyclomaticComplexity="1" nPathComplexity="1" sequenceCoverage="0" branchCoverage="100" isConstructor="False" isGetter="False" isSetter="False" isStatic="True">
              <Summary numSequencePoints="5" visitedSequencePoints="0" numBranchPoints="0" visitedBranchPoints="0" sequenceCoverage="0" branchCoverage="100" maxCyclomaticComplexity="1" minCyclomaticComplexity="1" visitedClasses="0" numClasses="0" visitedMethods="0" numMethods="1" />
              <MetadataToken />
              <Name>System.Void Open.RangeWithValue`2::Deconstruct(T&amp;,T&amp;,TValue&amp;)</Name>
              <FileRef uid="10" />
              <SequencePoints>
                <SequencePoint vc="0" uspid="42" ordinal="0" sl="42" sc="1" el="42" ec="2" bec="0" bev="0" fileid="10" />
                <SequencePoint vc="0" uspid="43" ordinal="1" sl="43" sc="1" el="43" ec="2" bec="0" bev="0" fileid="10" />
                <SequencePoint vc="0" uspid="44" ordinal="2" sl="44" sc="1" el="44" ec="2" bec="0" bev="0" fileid="10" />
                <SequencePoint vc="0" uspid="45" ordinal="3" sl="45" sc="1" el="45" ec="2" bec="0" bev="0" fileid="10" />
                <SequencePoint vc="0" uspid="46" ordinal="4" sl="46" sc="1" el="46" ec="2" bec="0" bev="0" fileid="10" />
              </SequencePoints>
              <BranchPoints />
              <MethodPoint vc="0" uspid="0" p8:type="SequencePoint" ordinal="3" offset="3" sc="0" sl="42" ec="1" el="46" bec="0" bev="0" fileid="10" xmlns:p8="xsi" />
            </Method>
            <Method cyclomaticComplexity="1" nPathComplexity="1" sequenceCoverage="0" branchCoverage="100" isConstructor="False" isGetter="False" isSetter="False" isStatic="True">
              <Summary numSequencePoints="1" visitedSequencePoints="0" numBranchPoints="0" visitedBranchPoints="0" sequenceCoverage="0" branchCoverage="100" maxCyclomaticComplexity="1" minCyclomaticComplexity="1" visitedClasses="0" numClasses="0" visitedMethods="0" numMethods="1" />
              <MetadataToken />
              <Name>System.String Open.RangeWithValue`2::ToString()</Name>
              <FileRef uid="10" />
              <SequencePoints>
                <SequencePoint vc="0" uspid="50" ordinal="0" sl="50" sc="1" el="50" ec="2" bec="0" bev="0" fileid="10" />
              </SequencePoints>
              <BranchPoints />
              <MethodPoint vc="0" uspid="0" p8:type="SequencePoint" ordinal="4" offset="4" sc="0" sl="50" ec="1" el="50" bec="0" bev="0" fileid="10" xmlns:p8="xsi" />
            </Method>
            <Method cyclomaticComplexity="4" nPathComplexity="4" sequenceCoverage="100" branchCoverage="50" isConstructor="False" isGetter="False" isSetter="False" isStatic="True">
              <Summary numSequencePoints="3" visitedSequencePoints="3" numBranchPoints="4" visitedBranchPoints="2" sequenceCoverage="100" branchCoverage="50" maxCyclomaticComplexity="4" minCyclomaticComplexity="4" visitedClasses="0" numClasses="0" visitedMethods="1" numMethods="1" />
              <MetadataToken />
              <Name>System.Boolean Open.RangeWithValue`2::Equals(Open.RangeWithValue`2&lt;T,TValue&gt;)</Name>
              <FileRef uid="10" />
              <SequencePoints>
                <SequencePoint vc="3" uspid="54" ordinal="0" sl="54" sc="1" el="54" ec="2" bec="4" bev="2" fileid="10" />
                <SequencePoint vc="3" uspid="55" ordinal="1" sl="55" sc="1" el="55" ec="2" bec="0" bev="0" fileid="10" />
                <SequencePoint vc="3" uspid="56" ordinal="2" sl="56" sc="1" el="56" ec="2" bec="0" bev="0" fileid="10" />
              </SequencePoints>
              <BranchPoints>
                <BranchPoint vc="3" uspid="54" ordinal="0" path="0" offset="23" offsetend="25" sl="54" fileid="10" />
                <BranchPoint vc="3" uspid="54" ordinal="2" path="0" offset="48" offsetend="50" sl="54" fileid="10" />
                <BranchPoint vc="0" uspid="54" ordinal="1" path="1" offset="23" offsetend="75" sl="54" fileid="10" />
                <BranchPoint vc="0" uspid="54" ordinal="3" path="1" offset="48" offsetend="75" sl="54" fileid="10" />
              </BranchPoints>
              <MethodPoint vc="3" uspid="0" p8:type="SequencePoint" ordinal="5" offset="5" sc="0" sl="54" ec="1" el="56" bec="0" bev="0" fileid="10" xmlns:p8="xsi" />
            </Method>
            <Method cyclomaticComplexity="2" nPathComplexity="2" sequenceCoverage="0" branchCoverage="0" isConstructor="False" isGetter="False" isSetter="False" isStatic="True">
              <Summary numSequencePoints="1" visitedSequencePoints="0" numBranchPoints="2" visitedBranchPoints="0" sequenceCoverage="0" branchCoverage="0" maxCyclomaticComplexity="2" minCyclomaticComplexity="2" visitedClasses="0" numClasses="0" visitedMethods="0" numMethods="1" />
              <MetadataToken />
              <Name>System.Boolean Open.RangeWithValue`2::Equals(System.Object)</Name>
              <FileRef uid="10" />
              <SequencePoints>
                <SequencePoint vc="0" uspid="60" ordinal="0" sl="60" sc="1" el="60" ec="2" bec="2" bev="0" fileid="10" />
              </SequencePoints>
              <BranchPoints>
                <BranchPoint vc="0" uspid="60" ordinal="0" path="0" offset="6" offsetend="8" sl="60" fileid="10" />
                <BranchPoint vc="0" uspid="60" ordinal="1" path="1" offset="6" offsetend="24" sl="60" fileid="10" />
              </BranchPoints>
              <MethodPoint vc="0" uspid="0" p8:type="SequencePoint" ordinal="6" offset="6" sc="0" sl="60" ec="1" el="60" bec="0" bev="0" fileid="10" xmlns:p8="xsi" />
            </Method>
            <Method cyclomaticComplexity="1" nPathComplexity="1" sequenceCoverage="0" branchCoverage="100" isConstructor="False" isGetter="False" isSetter="False" isStatic="True">
              <Summary numSequencePoints="1" visitedSequencePoints="0" numBranchPoints="0" visitedBranchPoints="0" sequenceCoverage="0" branchCoverage="100" maxCyclomaticComplexity="1" minCyclomaticComplexity="1" visitedClasses="0" numClasses="0" visitedMethods="0" numMethods="1" />
              <MetadataToken />
              <Name>System.Int32 Open.RangeWithValue`2::GetHashCode()</Name>
              <FileRef uid="10" />
              <SequencePoints>
                <SequencePoint vc="0" uspid="65" ordinal="0" sl="65" sc="1" el="65" ec="2" bec="0" bev="0" fileid="10" />
              </SequencePoints>
              <BranchPoints />
              <MethodPoint vc="0" uspid="0" p8:type="SequencePoint" ordinal="7" offset="7" sc="0" sl="65" ec="1" el="65" bec="0" bev="0" fileid="10" xmlns:p8="xsi" />
            </Method>
            <Method cyclomaticComplexity="1" nPathComplexity="1" sequenceCoverage="0" branchCoverage="100" isConstructor="False" isGetter="False" isSetter="False" isStatic="True">
              <Summary numSequencePoints="1" visitedSequencePoints="0" numBranchPoints="0" visitedBranchPoints="0" sequenceCoverage="0" branchCoverage="100" maxCyclomaticComplexity="1" minCyclomaticComplexity="1" visitedClasses="0" numClasses="0" visitedMethods="0" numMethods="1" />
              <MetadataToken />
              <Name>System.Boolean Open.RangeWithValue`2::op_Equality(Open.RangeWithValue`2&lt;T,TValue&gt;,Open.RangeWithValue`2&lt;T,TValue&gt;)</Name>
              <FileRef uid="10" />
              <SequencePoints>
                <SequencePoint vc="0" uspid="78" ordinal="0" sl="78" sc="1" el="78" ec="2" bec="0" bev="0" fileid="10" />
              </SequencePoints>
              <BranchPoints />
              <MethodPoint vc="0" uspid="0" p8:type="SequencePoint" ordinal="8" offset="8" sc="0" sl="78" ec="1" el="78" bec="0" bev="0" fileid="10" xmlns:p8="xsi" />
            </Method>
            <Method cyclomaticComplexity="1" nPathComplexity="1" sequenceCoverage="0" branchCoverage="100" isConstructor="False" isGetter="False" isSetter="False" isStatic="True">
              <Summary numSequencePoints="1" visitedSequencePoints="0" numBranchPoints="0" visitedBranchPoints="0" sequenceCoverage="0" branchCoverage="100" maxCyclomaticComplexity="1" minCyclomaticComplexity="1" visitedClasses="0" numClasses="0" visitedMethods="0" numMethods="1" />
              <MetadataToken />
              <Name>System.Boolean Open.RangeWithValue`2::op_Inequality(Open.RangeWithValue`2&lt;T,TValue&gt;,Open.RangeWithValue`2&lt;T,TValue&gt;)</Name>
              <FileRef uid="10" />
              <SequencePoints>
                <SequencePoint vc="0" uspid="81" ordinal="0" sl="81" sc="1" el="81" ec="2" bec="0" bev="0" fileid="10" />
              </SequencePoints>
              <BranchPoints />
              <MethodPoint vc="0" uspid="0" p8:type="SequencePoint" ordinal="9" offset="9" sc="0" sl="81" ec="1" el="81" bec="0" bev="0" fileid="10" xmlns:p8="xsi" />
            </Method>
            <Method cyclomaticComplexity="1" nPathComplexity="1" sequenceCoverage="100" branchCoverage="100" isConstructor="True" isGetter="False" isSetter="False" isStatic="True">
              <Summary numSequencePoints="5" visitedSequencePoints="5" numBranchPoints="0" visitedBranchPoints="0" sequenceCoverage="100" branchCoverage="100" maxCyclomaticComplexity="1" minCyclomaticComplexity="1" visitedClasses="0" numClasses="0" visitedMethods="1" numMethods="1" />
              <MetadataToken />
              <Name>System.Void Open.RangeWithValue`2::.ctor(T,T,TValue)</Name>
              <FileRef uid="10" />
              <SequencePoints>
                <SequencePoint vc="6" uspid="14" ordinal="0" sl="14" sc="1" el="14" ec="2" bec="0" bev="0" fileid="10" />
                <SequencePoint vc="6" uspid="15" ordinal="1" sl="15" sc="1" el="15" ec="2" bec="0" bev="0" fileid="10" />
                <SequencePoint vc="6" uspid="16" ordinal="2" sl="16" sc="1" el="16" ec="2" bec="0" bev="0" fileid="10" />
                <SequencePoint vc="6" uspid="17" ordinal="3" sl="17" sc="1" el="17" ec="2" bec="0" bev="0" fileid="10" />
                <SequencePoint vc="6" uspid="18" ordinal="4" sl="18" sc="1" el="18" ec="2" bec="0" bev="0" fileid="10" />
              </SequencePoints>
              <BranchPoints />
              <MethodPoint vc="5" uspid="0" p8:type="SequencePoint" ordinal="10" offset="10" sc="0" sl="14" ec="1" el="18" bec="0" bev="0" fileid="10" xmlns:p8="xsi" />
            </Method>
            <Method cyclomaticComplexity="2" nPathComplexity="2" sequenceCoverage="0" branchCoverage="0" isConstructor="True" isGetter="False" isSetter="False" isStatic="True">
              <Summary numSequencePoints="6" visitedSequencePoints="0" numBranchPoints="2" visitedBranchPoints="0" sequenceCoverage="0" branchCoverage="0" maxCyclomaticComplexity="2" minCyclomaticComplexity="2" visitedClasses="0" numClasses="0" visitedMethods="0" numMethods="1" />
              <MetadataToken />
              <Name>System.Void Open.RangeWithValue`2::.ctor(Open.IRangeWithValue`2&lt;T,TValue&gt;)</Name>
              <FileRef uid="10" />
              <SequencePoints>
                <SequencePoint vc="0" uspid="21" ordinal="0" sl="21" sc="1" el="21" ec="2" bec="0" bev="0" fileid="10" />
                <SequencePoint vc="0" uspid="22" ordinal="1" sl="22" sc="1" el="22" ec="2" bec="2" bev="0" fileid="10" />
                <SequencePoint vc="0" uspid="23" ordinal="2" sl="23" sc="1" el="23" ec="2" bec="0" bev="0" fileid="10" />
                <SequencePoint vc="0" uspid="24" ordinal="3" sl="24" sc="1" el="24" ec="2" bec="0" bev="0" fileid="10" />
                <SequencePoint vc="0" uspid="25" ordinal="4" sl="25" sc="1" el="25" ec="2" bec="0" bev="0" fileid="10" />
                <SequencePoint vc="0" uspid="26" ordinal="5" sl="26" sc="1" el="26" ec="2" bec="0" bev="0" fileid="10" />
              </SequencePoints>
              <BranchPoints>
                <BranchPoint vc="0" uspid="22" ordinal="0" path="0" offset="7" offsetend="9" sl="22" fileid="10" />
                <BranchPoint vc="0" uspid="22" ordinal="1" path="1" offset="7" offsetend="20" sl="22" fileid="10" />
              </BranchPoints>
              <MethodPoint vc="0" uspid="0" p8:type="SequencePoint" ordinal="11" offset="11" sc="0" sl="21" ec="1" el="26" bec="0" bev="0" fileid="10" xmlns:p8="xsi" />
            </Method>
          </Methods>
        </Class>
        <Class>
          <Summary numSequencePoints="7" visitedSequencePoints="7" numBranchPoints="6" visitedBranchPoints="6" sequenceCoverage="100" branchCoverage="100" maxCyclomaticComplexity="4" minCyclomaticComplexity="2" visitedClasses="1" numClasses="1" visitedMethods="2" numMethods="2" />
          <FullName>Open.Utility</FullName>
          <Methods>
            <Method cyclomaticComplexity="2" nPathComplexity="2" sequenceCoverage="100" branchCoverage="100" isConstructor="False" isGetter="False" isSetter="False" isStatic="True">
              <Summary numSequencePoints="1" visitedSequencePoints="1" numBranchPoints="2" visitedBranchPoints="2" sequenceCoverage="100" branchCoverage="100" maxCyclomaticComplexity="2" minCyclomaticComplexity="2" visitedClasses="0" numClasses="0" visitedMethods="1" numMethods="1" />
              <MetadataToken />
              <Name>System.Boolean Open.Utility::CanBeNaN()</Name>
              <FileRef uid="11" />
              <SequencePoints>
                <SequencePoint vc="162" uspid="6" ordinal="0" sl="6" sc="1" el="6" ec="2" bec="2" bev="2" fileid="11" />
              </SequencePoints>
              <BranchPoints>
                <BranchPoint vc="136" uspid="6" ordinal="0" path="0" offset="25" offsetend="27" sl="6" fileid="11" />
                <BranchPoint vc="26" uspid="6" ordinal="1" path="1" offset="25" offsetend="54" sl="6" fileid="11" />
              </BranchPoints>
              <MethodPoint vc="1" uspid="0" p8:type="SequencePoint" ordinal="0" offset="0" sc="0" sl="6" ec="1" el="6" bec="0" bev="0" fileid="11" xmlns:p8="xsi" />
            </Method>
            <Method cyclomaticComplexity="4" nPathComplexity="4" sequenceCoverage="100" branchCoverage="100" isConstructor="False" isGetter="False" isSetter="False" isStatic="True">
              <Summary numSequencePoints="6" visitedSequencePoints="6" numBranchPoints="4" visitedBranchPoints="4" sequenceCoverage="100" branchCoverage="100" maxCyclomaticComplexity="4" minCyclomaticComplexity="4" visitedClasses="0" numClasses="0" visitedMethods="1" numMethods="1" />
              <MetadataToken />
              <Name>System.Boolean Open.Utility::IsNaN(T)</Name>
              <FileRef uid="11" />
              <SequencePoints>
                <SequencePoint vc="314" uspid="9" ordinal="0" sl="9" sc="1" el="9" ec="2" bec="4" bev="4" fileid="11" />
                <SequencePoint vc="314" uspid="10" ordinal="1" sl="10" sc="1" el="10" ec="2" bec="0" bev="0" fileid="11" />
                <SequencePoint vc="232" uspid="11" ordinal="2" sl="11" sc="1" el="11" ec="2" bec="0" bev="0" fileid="11" />
                <SequencePoint vc="17" uspid="12" ordinal="3" sl="12" sc="1" el="12" ec="2" bec="0" bev="0" fileid="11" />
                <SequencePoint vc="65" uspid="13" ordinal="4" sl="13" sc="1" el="13" ec="2" bec="0" bev="0" fileid="11" />
                <SequencePoint vc="314" uspid="14" ordinal="5" sl="14" sc="1" el="14" ec="2" bec="0" bev="0" fileid="11" />
              </SequencePoints>
              <BranchPoints>
                <BranchPoint vc="232" uspid="9" ordinal="0" path="0" offset="15" offsetend="17" sl="9" fileid="11" />
                <BranchPoint vc="82" uspid="9" ordinal="1" path="1" offset="15" offsetend="36" sl="9" fileid="11" />
                <BranchPoint vc="17" uspid="9" ordinal="2" path="0" offset="47" offsetend="49" sl="9" fileid="11" />
                <BranchPoint vc="65" uspid="9" ordinal="3" path="1" offset="47" offsetend="90" sl="9" fileid="11" />
              </BranchPoints>
              <MethodPoint vc="6" uspid="0" p8:type="SequencePoint" ordinal="1" offset="1" sc="0" sl="9" ec="1" el="14" bec="0" bev="0" fileid="11" xmlns:p8="xsi" />
            </Method>
          </Methods>
        </Class>
      </Classes>
    </Module>
  </Modules>
</CoverageSession>